\BOOKMARK [0][-]{chapter.1}{\376\377\000F\000o\000r\000m\000\341\000l\000i}{}% 1
\BOOKMARK [0][-]{chapter.2}{\376\377\000T\000v\000i\000n\000n\000t\000\366\000l\000u\000r}{}% 2
\BOOKMARK [1][-]{section.2.1}{\376\377\000T\000v\000i\000n\000n\000t\000\366\000l\000u\000r\000n\000a\000r}{chapter.2}% 3
\BOOKMARK [1][-]{section.2.2}{\376\377\000M\000a\000r\000g\000l\000i\000\360\000u\000r\000,\000\040\000r\000\346\000\360\000\040\000f\000\366\000l\000l\000\040\000o\000g\000\040\000v\000e\000l\000d\000i\000s\000v\000\355\000s\000i\000s\000f\000\366\000l\000l}{chapter.2}% 4
\BOOKMARK [1][-]{section.2.3}{\376\377\000R\000-\000\040\000o\000g\000\040\000C\000-\000l\000\355\000n\000u\000l\000e\000g\000a\000r\000\040\000v\000a\000r\000p\000a\000n\000i\000r}{chapter.2}% 5
\BOOKMARK [0][-]{chapter.3}{\376\377\000F\000\341\000g\000u\000\360\000\040\000f\000\366\000l\000l}{}% 6
\BOOKMARK [1][-]{section.3.1}{\376\377\000M\000a\000r\000k\000g\000i\000l\000d\000i\000\040\000o\000g\000\040\000s\000a\000m\000f\000e\000l\000l\000d\000n\000i}{chapter.3}% 7
\BOOKMARK [1][-]{section.3.2}{\376\377\000F\000\341\000g\000u\000\360\000\040\000f\000\366\000l\000l}{chapter.3}% 8
\BOOKMARK [1][-]{section.3.3}{\376\377\000V\000e\000l\000d\000a\000r\000a\000\360\000i\000r\000,\000\040\000v\000e\000l\000d\000i\000s\000v\000\355\000s\000i\000s\000f\000a\000l\000l\000i\000\360\000\040\000o\000g\000\040\000l\000o\000g\000r\000a\000r}{chapter.3}% 9
\BOOKMARK [0][-]{chapter.4}{\376\377\000C\000a\000u\000c\000h\000y\000-\000s\000e\000t\000n\000i\000n\000g\000i\000n\000\040\000o\000g\000\040\000C\000a\000u\000c\000h\000y\000-\000f\000o\000r\000m\000\372\000l\000a\000n}{}% 10
\BOOKMARK [1][-]{section.4.1}{\376\377\000V\000e\000g\000h\000e\000i\000l\000d\000i}{chapter.4}% 11
\BOOKMARK [1][-]{section.4.2}{\376\377\000A\000f\000l\000e\000i\000\360\000i\000n\000g\000a\000r\000\040\000C\000a\000u\000c\000h\000y\000-\000s\000e\000t\000n\000i\000n\000g\000a\000r\000i\000n\000n\000a\000r}{chapter.4}% 12
\BOOKMARK [1][-]{section.4.3}{\376\377\000F\000l\000e\000i\000r\000i\000\040\000a\000f\000l\000e\000i\000\360\000i\000n\000g\000a\000r\000\040\000C\000a\000u\000c\000h\000y\000-\000s\000e\000t\000n\000i\000n\000g\000a\000r\000i\000n\000n\000a\000r}{chapter.4}% 13
\BOOKMARK [0][-]{chapter.5}{\376\377\000L\000e\000i\000f\000a\000r\000e\000i\000k\000n\000i\000n\000g\000u\000r}{}% 14
\BOOKMARK [1][-]{section.5.1}{\376\377\000L\000a\000u\000r\000e\000n\000t\000-\000r\000a\000\360\000i\000r\000\040\000o\000g\000\040\000s\000\351\000r\000s\000t\000\366\000\360\000u\000p\000u\000n\000k\000t\000a\000r}{chapter.5}% 15
\BOOKMARK [1][-]{section.5.2}{\376\377\000L\000e\000i\000f\000a\000s\000e\000t\000n\000i\000n\000g\000i\000n}{chapter.5}% 16
\BOOKMARK [0][-]{chapter.6}{\376\377\000\336\000\375\000\360\000\040\000f\000\366\000l\000l\000\040\000o\000g\000\040\000f\000\341\000g\000a\000\360\000a\000r\000\040\000v\000a\000r\000p\000a\000n\000i\000r}{}% 17
\BOOKMARK [1][-]{section.6.1}{\376\377\000\336\000\375\000\360\000\040\000f\000\366\000l\000l}{chapter.6}% 18
\BOOKMARK [1][-]{section.6.2}{\376\377\000H\000a\000g\000n\000\375\000t\000i\000n\000g\000a\000r\000\040\000\355\000\040\000s\000t\000r\000a\000u\000m\000f\000r\000\346\000\360\000i}{chapter.6}% 19
\BOOKMARK [0][-]{chapter.7}{\376\377\000U\000n\000d\000i\000r\000s\000t\000\366\000\360\000u\000a\000t\000r\000i\000\360\000i\000\040\000u\000m\000\040\000a\000f\000l\000e\000i\000\360\000u\000j\000\366\000f\000n\000u\000r}{}% 20
\BOOKMARK [1][-]{section.7.1}{\376\377\000A\000f\000l\000e\000i\000\360\000u\000j\000\366\000f\000n\000u\000r}{chapter.7}% 21
\BOOKMARK [1][-]{section.7.2}{\376\377\000U\000p\000p\000r\000i\000f\000j\000u\000n\000\040\000\341\000\040\000l\000a\000u\000s\000n\000a\000a\000\360\000f\000e\000r\000\360\000u\000m\000\040\000o\000g\000\040\000h\000a\000g\000n\000\375\000t\000i\000n\000g\000a\000r}{chapter.7}% 22
\BOOKMARK [1][-]{section.7.3}{\376\377\000T\000i\000l\000v\000i\000s\000t\000\040\000o\000g\000\040\000\363\000t\000v\000\355\000r\000\346\000\360\000n\000i\000\040\000l\000a\000u\000s\000n\000a}{chapter.7}% 23
\BOOKMARK [0][-]{chapter.8}{\376\377\000L\000\355\000n\000u\000l\000e\000g\000a\000r\000\040\000a\000f\000l\000e\000i\000\360\000u\000j\000\366\000f\000n\000u\000r}{}% 24
\BOOKMARK [1][-]{section.8.1}{\376\377\000L\000\355\000n\000u\000l\000e\000g\000a\000r\000\040\000a\000f\000l\000e\000i\000\360\000u\000j\000\366\000f\000n\000u\000r}{chapter.8}% 25
\BOOKMARK [1][-]{section.8.2}{\376\377\000S\000\351\000r\000l\000a\000u\000s\000n\000i\000r\000\040\000o\000g\000\040\000G\000r\000e\000e\000n\000-\000f\000\366\000l\000l}{chapter.8}% 26
\BOOKMARK [1][-]{section.8.3}{\376\377\000G\000r\000e\000e\000n\000-\000f\000\366\000l\000l\000\040\000o\000g\000\040\000W\000r\000o\000n\000s\000k\000i\000-\000\341\000k\000v\000e\000\360\000u\000r}{chapter.8}% 27
\BOOKMARK [0][-]{chapter.9}{\376\377\000V\000e\000l\000d\000a\000r\000a\000\360\000a\000l\000a\000u\000s\000n\000i\000r\000\040\000\341\000\040\000a\000f\000l\000e\000i\000\360\000u\000j\000\366\000f\000n\000u\000m}{}% 28
\BOOKMARK [1][-]{section.9.1}{\376\377\000V\000e\000l\000d\000a\000r\000a\000\360\000a\000l\000a\000u\000s\000n\000i\000r}{chapter.9}% 29
\BOOKMARK [1][-]{section.9.2}{\376\377\000A\000\360\000f\000e\000r\000\360\000\040\000F\000r\000o\000b\000e\000n\000i\000u\000s\000a\000r}{chapter.9}% 30
\BOOKMARK [0][-]{chapter.10}{\376\377\000L\000\355\000n\000u\000l\000e\000g\000\040\000a\000f\000l\000e\000i\000\360\000u\000j\000\366\000f\000n\000u\000h\000n\000e\000p\000p\000i}{}% 31
\BOOKMARK [1][-]{section.10.1}{\376\377\000L\000\355\000n\000u\000l\000e\000g\000\040\000a\000f\000l\000e\000i\000\360\000u\000j\000\366\000f\000n\000u\000h\000n\000e\000p\000p\000i}{chapter.10}% 32
\BOOKMARK [1][-]{section.10.2}{\376\377\000V\000e\000l\000d\000i\000s\000v\000\355\000s\000i\000s\000f\000y\000l\000k\000i\000\360}{chapter.10}% 33
\BOOKMARK [1][-]{section.10.3}{\376\377\000\332\000t\000r\000e\000i\000k\000n\000i\000n\000g\000u\000r\000\040\000l\000a\000u\000s\000n\000a}{chapter.10}% 34
\BOOKMARK [0][-]{chapter.11}{\376\377\000L\000a\000p\000l\000a\000c\000e\000-\000u\000m\000m\000y\000n\000d\000u\000n\000i\000n}{}% 35
\BOOKMARK [1][-]{section.11.1}{\376\377\000L\000a\000p\000l\000a\000c\000e\000-\000u\000m\000m\000y\000n\000d\000u\000n\000i\000n}{chapter.11}% 36
\BOOKMARK [1][-]{section.11.2}{\376\377\000N\000o\000t\000k\000u\000n\000\040\000L\000a\000p\000l\000a\000c\000e\000-\000u\000m\000m\000y\000n\000d\000u\000n\000a\000r}{chapter.11}% 37
\BOOKMARK [0][-]{chapter.12}{\376\377\000V\000i\000\360\000a\000u\000k\000i}{}% 38
\BOOKMARK [1][-]{section.12.1}{\376\377\000K\000e\000n\000n\000s\000l\000u\000\341\000\346\000t\000l\000u\000n}{chapter.12}% 39
