This is pdfTeX, Version 3.14159265-2.6-1.40.17 (MiKTeX 2.9.6210 64-bit) (preloaded format=pdflatex 2017.1.29)  27 AUG 2019 14:00
entering extended mode
**./atom.tex
(atom.tex
LaTeX2e <2016/03/31> patch level 3
Babel <3.9r> and hyphenation patterns for 75 language(s) loaded.
("C:\Program Files\MiKTeX 2.9\tex\latex\standalone\standalone.cls"
Document Class: standalone 2018/03/26 v1.3a Class to compile TeX sub-files stan
dalone
("C:\Program Files\MiKTeX 2.9\tex\latex\tools\shellesc.sty"
Package: shellesc 2016/06/07 v0.02a unified shell escape interface for LaTeX
Package shellesc Info: Restricted shell escape enabled on input line 69.
)
("C:\Program Files\MiKTeX 2.9\tex\generic\oberdiek\ifluatex.sty"
Package: ifluatex 2016/05/16 v1.4 Provides the ifluatex switch (HO)
Package ifluatex Info: LuaTeX not detected.
)
("C:\Program Files\MiKTeX 2.9\tex\generic\oberdiek\ifpdf.sty"
Package: ifpdf 2016/05/14 v3.1 Provides the ifpdf switch
)
("C:\Program Files\MiKTeX 2.9\tex\generic\ifxetex\ifxetex.sty"
Package: ifxetex 2010/09/12 v0.6 Provides ifxetex conditional
)
("C:\Program Files\MiKTeX 2.9\tex\latex\xkeyval\xkeyval.sty"
Package: xkeyval 2014/12/03 v2.7a package option processing (HA)

("C:\Program Files\MiKTeX 2.9\tex\generic\xkeyval\xkeyval.tex"
("C:\Program Files\MiKTeX 2.9\tex\generic\xkeyval\xkvutils.tex"
\XKV@toks=\toks14
\XKV@tempa@toks=\toks15

("C:\Program Files\MiKTeX 2.9\tex\generic\xkeyval\keyval.tex"))
\XKV@depth=\count79
File: xkeyval.tex 2014/12/03 v2.7a key=value parser (HA)
))
\sa@internal=\count80
\c@sapage=\count81

("C:\Program Files\MiKTeX 2.9\tex\latex\standalone\standalone.cfg"
File: standalone.cfg 2018/03/26 v1.3a Default configuration file for 'standalon
e' class
)
("C:\Program Files\MiKTeX 2.9\tex\latex\base\article.cls"
Document Class: article 2014/09/29 v1.4h Standard LaTeX document class
("C:\Program Files\MiKTeX 2.9\tex\latex\base\size10.clo"
File: size10.clo 2014/09/29 v1.4h Standard LaTeX file (size option)
)
\c@part=\count82
\c@section=\count83
\c@subsection=\count84
\c@subsubsection=\count85
\c@paragraph=\count86
\c@subparagraph=\count87
\c@figure=\count88
\c@table=\count89
\abovecaptionskip=\skip41
\belowcaptionskip=\skip42
\bibindent=\dimen102
)
("C:\Program Files\MiKTeX 2.9\tex\latex\pgf\frontendlayer\tikz.sty"
("C:\Program Files\MiKTeX 2.9\tex\latex\pgf\basiclayer\pgf.sty"
("C:\Program Files\MiKTeX 2.9\tex\latex\pgf\utilities\pgfrcs.sty"
("C:\Program Files\MiKTeX 2.9\tex\generic\pgf\utilities\pgfutil-common.tex"
\pgfutil@everybye=\toks16
\pgfutil@tempdima=\dimen103
\pgfutil@tempdimb=\dimen104

("C:\Program Files\MiKTeX 2.9\tex\generic\pgf\utilities\pgfutil-common-lists.te
x")) ("C:\Program Files\MiKTeX 2.9\tex\generic\pgf\utilities\pgfutil-latex.def"
\pgfutil@abb=\box26
("C:\Program Files\MiKTeX 2.9\tex\latex\ms\everyshi.sty"
Package: everyshi 2001/05/15 v3.00 EveryShipout Package (MS)
))
("C:\Program Files\MiKTeX 2.9\tex\generic\pgf\utilities\pgfrcs.code.tex"
Package: pgfrcs 2015/08/07 v3.0.1a (rcs-revision 1.31)
))
Package: pgf 2015/08/07 v3.0.1a (rcs-revision 1.15)

("C:\Program Files\MiKTeX 2.9\tex\latex\pgf\basiclayer\pgfcore.sty"
("C:\Program Files\MiKTeX 2.9\tex\latex\graphics\graphicx.sty"
Package: graphicx 2014/10/28 v1.0g Enhanced LaTeX Graphics (DPC,SPQR)

("C:\Program Files\MiKTeX 2.9\tex\latex\graphics\graphics.sty"
Package: graphics 2016/07/10 v1.0t Standard LaTeX Graphics (DPC,SPQR)

("C:\Program Files\MiKTeX 2.9\tex\latex\graphics\trig.sty"
Package: trig 2016/01/03 v1.10 sin cos tan (DPC)
)
("C:\Program Files\MiKTeX 2.9\tex\latex\graphics-cfg\graphics.cfg"
File: graphics.cfg 2016/06/04 v1.11 sample graphics configuration
)
Package graphics Info: Driver file: pdftex.def on input line 99.

("C:\Program Files\MiKTeX 2.9\tex\latex\graphics-def\pdftex.def"
File: pdftex.def 2016/07/10 v0.06j Graphics/color for pdfTeX

("C:\Program Files\MiKTeX 2.9\tex\generic\oberdiek\infwarerr.sty"
Package: infwarerr 2016/05/16 v1.4 Providing info/warning/error messages (HO)
)
("C:\Program Files\MiKTeX 2.9\tex\generic\oberdiek\ltxcmds.sty"
Package: ltxcmds 2016/05/16 v1.23 LaTeX kernel commands for general use (HO)
)
\Gread@gobject=\count90
))
\Gin@req@height=\dimen105
\Gin@req@width=\dimen106
)
("C:\Program Files\MiKTeX 2.9\tex\latex\pgf\systemlayer\pgfsys.sty"
("C:\Program Files\MiKTeX 2.9\tex\generic\pgf\systemlayer\pgfsys.code.tex"
Package: pgfsys 2014/07/09 v3.0.1a (rcs-revision 1.48)

("C:\Program Files\MiKTeX 2.9\tex\generic\pgf\utilities\pgfkeys.code.tex"
\pgfkeys@pathtoks=\toks17
\pgfkeys@temptoks=\toks18

("C:\Program Files\MiKTeX 2.9\tex\generic\pgf\utilities\pgfkeysfiltered.code.te
x"
\pgfkeys@tmptoks=\toks19
))
\pgf@x=\dimen107
\pgf@y=\dimen108
\pgf@xa=\dimen109
\pgf@ya=\dimen110
\pgf@xb=\dimen111
\pgf@yb=\dimen112
\pgf@xc=\dimen113
\pgf@yc=\dimen114
\w@pgf@writea=\write3
\r@pgf@reada=\read1
\c@pgf@counta=\count91
\c@pgf@countb=\count92
\c@pgf@countc=\count93
\c@pgf@countd=\count94
\t@pgf@toka=\toks20
\t@pgf@tokb=\toks21
\t@pgf@tokc=\toks22
 ("C:\Program Files\MiKTeX 2.9\tex\generic\pgf\systemlayer\pgf.cfg"
File: pgf.cfg 2008/05/14  (rcs-revision 1.7)
)
Driver file for pgf: pgfsys-pdftex.def

("C:\Program Files\MiKTeX 2.9\tex\generic\pgf\systemlayer\pgfsys-pdftex.def"
File: pgfsys-pdftex.def 2014/10/11  (rcs-revision 1.35)

("C:\Program Files\MiKTeX 2.9\tex\generic\pgf\systemlayer\pgfsys-common-pdf.def
"
File: pgfsys-common-pdf.def 2013/10/10  (rcs-revision 1.13)
)))
("C:\Program Files\MiKTeX 2.9\tex\generic\pgf\systemlayer\pgfsyssoftpath.code.t
ex"
File: pgfsyssoftpath.code.tex 2013/09/09  (rcs-revision 1.9)
\pgfsyssoftpath@smallbuffer@items=\count95
\pgfsyssoftpath@bigbuffer@items=\count96
)
("C:\Program Files\MiKTeX 2.9\tex\generic\pgf\systemlayer\pgfsysprotocol.code.t
ex"
File: pgfsysprotocol.code.tex 2006/10/16  (rcs-revision 1.4)
)) ("C:\Program Files\MiKTeX 2.9\tex\latex\xcolor\xcolor.sty"
Package: xcolor 2016/05/11 v2.12 LaTeX color extensions (UK)

("C:\Program Files\MiKTeX 2.9\tex\latex\graphics-cfg\color.cfg"
File: color.cfg 2016/01/02 v1.6 sample color configuration
)
Package xcolor Info: Driver file: pdftex.def on input line 225.
Package xcolor Info: Model `cmy' substituted by `cmy0' on input line 1348.
Package xcolor Info: Model `hsb' substituted by `rgb' on input line 1352.
Package xcolor Info: Model `RGB' extended on input line 1364.
Package xcolor Info: Model `HTML' substituted by `rgb' on input line 1366.
Package xcolor Info: Model `Hsb' substituted by `hsb' on input line 1367.
Package xcolor Info: Model `tHsb' substituted by `hsb' on input line 1368.
Package xcolor Info: Model `HSB' substituted by `hsb' on input line 1369.
Package xcolor Info: Model `Gray' substituted by `gray' on input line 1370.
Package xcolor Info: Model `wave' substituted by `hsb' on input line 1371.
)
("C:\Program Files\MiKTeX 2.9\tex\generic\pgf\basiclayer\pgfcore.code.tex"
Package: pgfcore 2010/04/11 v3.0.1a (rcs-revision 1.7)

("C:\Program Files\MiKTeX 2.9\tex\generic\pgf\math\pgfmath.code.tex"
("C:\Program Files\MiKTeX 2.9\tex\generic\pgf\math\pgfmathcalc.code.tex"
("C:\Program Files\MiKTeX 2.9\tex\generic\pgf\math\pgfmathutil.code.tex")
("C:\Program Files\MiKTeX 2.9\tex\generic\pgf\math\pgfmathparser.code.tex"
\pgfmath@dimen=\dimen115
\pgfmath@count=\count97
\pgfmath@box=\box27
\pgfmath@toks=\toks23
\pgfmath@stack@operand=\toks24
\pgfmath@stack@operation=\toks25
)
("C:\Program Files\MiKTeX 2.9\tex\generic\pgf\math\pgfmathfunctions.code.tex"
("C:\Program Files\MiKTeX 2.9\tex\generic\pgf\math\pgfmathfunctions.basic.code.
tex")
("C:\Program Files\MiKTeX 2.9\tex\generic\pgf\math\pgfmathfunctions.trigonometr
ic.code.tex")
("C:\Program Files\MiKTeX 2.9\tex\generic\pgf\math\pgfmathfunctions.random.code
.tex")
("C:\Program Files\MiKTeX 2.9\tex\generic\pgf\math\pgfmathfunctions.comparison.
code.tex")
("C:\Program Files\MiKTeX 2.9\tex\generic\pgf\math\pgfmathfunctions.base.code.t
ex")
("C:\Program Files\MiKTeX 2.9\tex\generic\pgf\math\pgfmathfunctions.round.code.
tex")
("C:\Program Files\MiKTeX 2.9\tex\generic\pgf\math\pgfmathfunctions.misc.code.t
ex")
("C:\Program Files\MiKTeX 2.9\tex\generic\pgf\math\pgfmathfunctions.integerarit
hmetics.code.tex")))
("C:\Program Files\MiKTeX 2.9\tex\generic\pgf\math\pgfmathfloat.code.tex"
\c@pgfmathroundto@lastzeros=\count98
))
("C:\Program Files\MiKTeX 2.9\tex\generic\pgf\basiclayer\pgfcorepoints.code.tex
"
File: pgfcorepoints.code.tex 2013/10/07  (rcs-revision 1.27)
\pgf@picminx=\dimen116
\pgf@picmaxx=\dimen117
\pgf@picminy=\dimen118
\pgf@picmaxy=\dimen119
\pgf@pathminx=\dimen120
\pgf@pathmaxx=\dimen121
\pgf@pathminy=\dimen122
\pgf@pathmaxy=\dimen123
\pgf@xx=\dimen124
\pgf@xy=\dimen125
\pgf@yx=\dimen126
\pgf@yy=\dimen127
\pgf@zx=\dimen128
\pgf@zy=\dimen129
)
("C:\Program Files\MiKTeX 2.9\tex\generic\pgf\basiclayer\pgfcorepathconstruct.c
ode.tex"
File: pgfcorepathconstruct.code.tex 2013/10/07  (rcs-revision 1.29)
\pgf@path@lastx=\dimen130
\pgf@path@lasty=\dimen131
)
("C:\Program Files\MiKTeX 2.9\tex\generic\pgf\basiclayer\pgfcorepathusage.code.
tex"
File: pgfcorepathusage.code.tex 2014/11/02  (rcs-revision 1.24)
\pgf@shorten@end@additional=\dimen132
\pgf@shorten@start@additional=\dimen133
)
("C:\Program Files\MiKTeX 2.9\tex\generic\pgf\basiclayer\pgfcorescopes.code.tex
"
File: pgfcorescopes.code.tex 2015/05/08  (rcs-revision 1.46)
\pgfpic=\box28
\pgf@hbox=\box29
\pgf@layerbox@main=\box30
\pgf@picture@serial@count=\count99
)
("C:\Program Files\MiKTeX 2.9\tex\generic\pgf\basiclayer\pgfcoregraphicstate.co
de.tex"
File: pgfcoregraphicstate.code.tex 2014/11/02  (rcs-revision 1.12)
\pgflinewidth=\dimen134
)
("C:\Program Files\MiKTeX 2.9\tex\generic\pgf\basiclayer\pgfcoretransformations
.code.tex"
File: pgfcoretransformations.code.tex 2015/08/07  (rcs-revision 1.20)
\pgf@pt@x=\dimen135
\pgf@pt@y=\dimen136
\pgf@pt@temp=\dimen137
)
("C:\Program Files\MiKTeX 2.9\tex\generic\pgf\basiclayer\pgfcorequick.code.tex"
File: pgfcorequick.code.tex 2008/10/09  (rcs-revision 1.3)
)
("C:\Program Files\MiKTeX 2.9\tex\generic\pgf\basiclayer\pgfcoreobjects.code.te
x"
File: pgfcoreobjects.code.tex 2006/10/11  (rcs-revision 1.2)
)
("C:\Program Files\MiKTeX 2.9\tex\generic\pgf\basiclayer\pgfcorepathprocessing.
code.tex"
File: pgfcorepathprocessing.code.tex 2013/09/09  (rcs-revision 1.9)
)
("C:\Program Files\MiKTeX 2.9\tex\generic\pgf\basiclayer\pgfcorearrows.code.tex
"
File: pgfcorearrows.code.tex 2015/05/14  (rcs-revision 1.43)
\pgfarrowsep=\dimen138
)
("C:\Program Files\MiKTeX 2.9\tex\generic\pgf\basiclayer\pgfcoreshade.code.tex"
File: pgfcoreshade.code.tex 2013/07/15  (rcs-revision 1.15)
\pgf@max=\dimen139
\pgf@sys@shading@range@num=\count100
) ("C:\Program Files\MiKTeX 2.9\tex\generic\pgf\basiclayer\pgfcoreimage.code.te
x"
File: pgfcoreimage.code.tex 2013/07/15  (rcs-revision 1.18)

("C:\Program Files\MiKTeX 2.9\tex\generic\pgf\basiclayer\pgfcoreexternal.code.t
ex"
File: pgfcoreexternal.code.tex 2014/07/09  (rcs-revision 1.21)
\pgfexternal@startupbox=\box31
))
("C:\Program Files\MiKTeX 2.9\tex\generic\pgf\basiclayer\pgfcorelayers.code.tex
"
File: pgfcorelayers.code.tex 2013/07/18  (rcs-revision 1.7)
)
("C:\Program Files\MiKTeX 2.9\tex\generic\pgf\basiclayer\pgfcoretransparency.co
de.tex"
File: pgfcoretransparency.code.tex 2013/09/30  (rcs-revision 1.5)
)
("C:\Program Files\MiKTeX 2.9\tex\generic\pgf\basiclayer\pgfcorepatterns.code.t
ex"
File: pgfcorepatterns.code.tex 2013/11/07  (rcs-revision 1.5)
)))
("C:\Program Files\MiKTeX 2.9\tex\generic\pgf\modules\pgfmoduleshapes.code.tex"
File: pgfmoduleshapes.code.tex 2014/03/21  (rcs-revision 1.35)
\pgfnodeparttextbox=\box32
) ("C:\Program Files\MiKTeX 2.9\tex\generic\pgf\modules\pgfmoduleplot.code.tex"
File: pgfmoduleplot.code.tex 2015/08/03  (rcs-revision 1.13)
)
("C:\Program Files\MiKTeX 2.9\tex\latex\pgf\compatibility\pgfcomp-version-0-65.
sty"
Package: pgfcomp-version-0-65 2007/07/03 v3.0.1a (rcs-revision 1.7)
\pgf@nodesepstart=\dimen140
\pgf@nodesepend=\dimen141
)
("C:\Program Files\MiKTeX 2.9\tex\latex\pgf\compatibility\pgfcomp-version-1-18.
sty"
Package: pgfcomp-version-1-18 2007/07/23 v3.0.1a (rcs-revision 1.1)
)) ("C:\Program Files\MiKTeX 2.9\tex\latex\pgf\utilities\pgffor.sty"
("C:\Program Files\MiKTeX 2.9\tex\latex\pgf\utilities\pgfkeys.sty"
("C:\Program Files\MiKTeX 2.9\tex\generic\pgf\utilities\pgfkeys.code.tex"))
("C:\Program Files\MiKTeX 2.9\tex\latex\pgf\math\pgfmath.sty"
("C:\Program Files\MiKTeX 2.9\tex\generic\pgf\math\pgfmath.code.tex"))
("C:\Program Files\MiKTeX 2.9\tex\generic\pgf\utilities\pgffor.code.tex"
Package: pgffor 2013/12/13 v3.0.1a (rcs-revision 1.25)

("C:\Program Files\MiKTeX 2.9\tex\generic\pgf\math\pgfmath.code.tex")
\pgffor@iter=\dimen142
\pgffor@skip=\dimen143
\pgffor@stack=\toks26
\pgffor@toks=\toks27
))
("C:\Program Files\MiKTeX 2.9\tex\generic\pgf\frontendlayer\tikz\tikz.code.tex"
Package: tikz 2015/08/07 v3.0.1a (rcs-revision 1.151)

("C:\Program Files\MiKTeX 2.9\tex\generic\pgf\libraries\pgflibraryplothandlers.
code.tex"
File: pgflibraryplothandlers.code.tex 2013/08/31 v3.0.1a (rcs-revision 1.20)
\pgf@plot@mark@count=\count101
\pgfplotmarksize=\dimen144
)
\tikz@lastx=\dimen145
\tikz@lasty=\dimen146
\tikz@lastxsaved=\dimen147
\tikz@lastysaved=\dimen148
\tikzleveldistance=\dimen149
\tikzsiblingdistance=\dimen150
\tikz@figbox=\box33
\tikz@figbox@bg=\box34
\tikz@tempbox=\box35
\tikz@tempbox@bg=\box36
\tikztreelevel=\count102
\tikznumberofchildren=\count103
\tikznumberofcurrentchild=\count104
\tikz@fig@count=\count105

("C:\Program Files\MiKTeX 2.9\tex\generic\pgf\modules\pgfmodulematrix.code.tex"
File: pgfmodulematrix.code.tex 2013/09/17  (rcs-revision 1.8)
\pgfmatrixcurrentrow=\count106
\pgfmatrixcurrentcolumn=\count107
\pgf@matrix@numberofcolumns=\count108
)
\tikz@expandcount=\count109

("C:\Program Files\MiKTeX 2.9\tex\generic\pgf\frontendlayer\tikz\libraries\tikz
librarytopaths.code.tex"
File: tikzlibrarytopaths.code.tex 2008/06/17 v3.0.1a (rcs-revision 1.2)
)))
\sa@box=\box37
)
("C:\Program Files\MiKTeX 2.9\tex\generic\pgf\frontendlayer\tikz\libraries\tikz
librarydecorations.markings.code.tex"
("C:\Program Files\MiKTeX 2.9\tex\generic\pgf\frontendlayer\tikz\libraries\tikz
librarydecorations.code.tex"
("C:\Program Files\MiKTeX 2.9\tex\generic\pgf\modules\pgfmoduledecorations.code
.tex"
\pgfdecoratedcompleteddistance=\dimen151
\pgfdecoratedremainingdistance=\dimen152
\pgfdecoratedinputsegmentcompleteddistance=\dimen153
\pgfdecoratedinputsegmentremainingdistance=\dimen154
\pgf@decorate@distancetomove=\dimen155
\pgf@decorate@repeatstate=\count110
\pgfdecorationsegmentamplitude=\dimen156
\pgfdecorationsegmentlength=\dimen157
)
\tikz@lib@dec@box=\box38
)
("C:\Program Files\MiKTeX 2.9\tex\generic\pgf\libraries\decorations\pgflibraryd
ecorations.markings.code.tex"))
("C:\Program Files\MiKTeX 2.9\tex\generic\pgf\frontendlayer\tikz\libraries\tikz
librarycalc.code.tex"
File: tikzlibrarycalc.code.tex 2013/07/15 v3.0.1a (rcs-revision 1.9)
) (atom.aux)
\openout1 = `atom.aux'.

LaTeX Font Info:    Checking defaults for OML/cmm/m/it on input line 28.
LaTeX Font Info:    ... okay on input line 28.
LaTeX Font Info:    Checking defaults for T1/cmr/m/n on input line 28.
LaTeX Font Info:    ... okay on input line 28.
LaTeX Font Info:    Checking defaults for OT1/cmr/m/n on input line 28.
LaTeX Font Info:    ... okay on input line 28.
LaTeX Font Info:    Checking defaults for OMS/cmsy/m/n on input line 28.
LaTeX Font Info:    ... okay on input line 28.
LaTeX Font Info:    Checking defaults for OMX/cmex/m/n on input line 28.
LaTeX Font Info:    ... okay on input line 28.
LaTeX Font Info:    Checking defaults for U/cmr/m/n on input line 28.
LaTeX Font Info:    ... okay on input line 28.
 ABD: EveryShipout initializing macros
("C:\Program Files\MiKTeX 2.9\tex\context\base\supp-pdf.mkii"
[Loading MPS to PDF converter (version 2006.09.02).]
\scratchcounter=\count111
\scratchdimen=\dimen158
\scratchbox=\box39
\nofMPsegments=\count112
\nofMParguments=\count113
\everyMPshowfont=\toks28
\MPscratchCnt=\count114
\MPscratchDim=\dimen159
\MPnumerator=\count115
\makeMPintoPDFobject=\count116
\everyMPtoPDFconversion=\toks29
) ("C:\Program Files\MiKTeX 2.9\tex\generic\oberdiek\pdftexcmds.sty"
Package: pdftexcmds 2016/05/21 v0.22 Utility functions of pdfTeX for LuaTeX (HO
)
Package pdftexcmds Info: LuaTeX not detected.
Package pdftexcmds Info: \pdf@primitive is available.
Package pdftexcmds Info: \pdf@ifprimitive is available.
Package pdftexcmds Info: \pdfdraftmode found.
)
("C:\Program Files\MiKTeX 2.9\tex\latex\oberdiek\epstopdf-base.sty"
Package: epstopdf-base 2016/05/15 v2.6 Base part for package epstopdf

("C:\Program Files\MiKTeX 2.9\tex\latex\oberdiek\grfext.sty"
Package: grfext 2016/05/16 v1.2 Manage graphics extensions (HO)

("C:\Program Files\MiKTeX 2.9\tex\generic\oberdiek\kvdefinekeys.sty"
Package: kvdefinekeys 2016/05/16 v1.4 Define keys (HO)
))
("C:\Program Files\MiKTeX 2.9\tex\latex\oberdiek\kvoptions.sty"
Package: kvoptions 2016/05/16 v3.12 Key value format for package options (HO)

("C:\Program Files\MiKTeX 2.9\tex\generic\oberdiek\kvsetkeys.sty"
Package: kvsetkeys 2016/05/16 v1.17 Key value parser (HO)

("C:\Program Files\MiKTeX 2.9\tex\generic\oberdiek\etexcmds.sty"
Package: etexcmds 2016/05/16 v1.6 Avoid name clashes with e-TeX commands (HO)
Package etexcmds Info: Could not find \expanded.
(etexcmds)             That can mean that you are not using pdfTeX 1.50 or
(etexcmds)             that some package has redefined \expanded.
(etexcmds)             In the latter case, load this package earlier.
)))
Package epstopdf-base Info: Redefining graphics rule for `.eps' on input line 4
38.
Package grfext Info: Graphics extension search list:
(grfext)             [.png,.pdf,.jpg,.mps,.jpeg,.jbig2,.jb2,.PNG,.PDF,.JPG,.JPE
G,.JBIG2,.JB2,.eps]
(grfext)             \AppendGraphicsExtensions on input line 456.
)

! Package pgfkeys Error: Choice 'ball' unknown in choice key '/tikz/shade'. I a
m going to ignore this key.

See the pgfkeys package documentation for explanation.
Type  H <return>  for immediate help.
 ...                                              
                                                  
l.52 }
      
This error message was generated by an \errmessage
command, so I can't give any explicit help.
Pretend that you're Hercule Poirot: Examine all clues,
and deduce the truth by order and method.


! Package pgfkeys Error: Choice 'ball' unknown in choice key '/tikz/shade'. I a
m going to ignore this key.

See the pgfkeys package documentation for explanation.
Type  H <return>  for immediate help.
 ...                                              
                                                  
l.52 }
      
(That was another \errmessage.)


! Package pgfkeys Error: Choice 'ball' unknown in choice key '/tikz/shade'. I a
m going to ignore this key.

See the pgfkeys package documentation for explanation.
Type  H <return>  for immediate help.
 ...                                              
                                                  
l.52 }
      
(That was another \errmessage.)


! Package pgfkeys Error: Choice 'ball' unknown in choice key '/tikz/shade'. I a
m going to ignore this key.

See the pgfkeys package documentation for explanation.
Type  H <return>  for immediate help.
 ...                                              
                                                  
l.52 }
      
(That was another \errmessage.)


! Package pgfkeys Error: Choice 'ball' unknown in choice key '/tikz/shade'. I a
m going to ignore this key.

See the pgfkeys package documentation for explanation.
Type  H <return>  for immediate help.
 ...                                              
                                                  
l.52 }
      
(That was another \errmessage.)


! Package pgfkeys Error: Choice 'ball' unknown in choice key '/tikz/shade'. I a
m going to ignore this key.

See the pgfkeys package documentation for explanation.
Type  H <return>  for immediate help.
 ...                                              
                                                  
l.52 }
      
(That was another \errmessage.)


! Package pgfkeys Error: Choice 'ball' unknown in choice key '/tikz/shade'. I a
m going to ignore this key.

See the pgfkeys package documentation for explanation.
Type  H <return>  for immediate help.
 ...                                              
                                                  
l.52 }
      
(That was another \errmessage.)


! Package pgfkeys Error: Choice 'ball' unknown in choice key '/tikz/shade'. I a
m going to ignore this key.

See the pgfkeys package documentation for explanation.
Type  H <return>  for immediate help.
 ...                                              
                                                  
l.52 }
      
(That was another \errmessage.)


! Package pgfkeys Error: Choice 'ball' unknown in choice key '/tikz/shade'. I a
m going to ignore this key.

See the pgfkeys package documentation for explanation.
Type  H <return>  for immediate help.
 ...                                              
                                                  
l.52 }
      
(That was another \errmessage.)


! Package pgfkeys Error: Choice 'ball' unknown in choice key '/tikz/shade'. I a
m going to ignore this key.

See the pgfkeys package documentation for explanation.
Type  H <return>  for immediate help.
 ...                                              
                                                  
l.52 }
      
(That was another \errmessage.)


! Package pgfkeys Error: Choice 'ball' unknown in choice key '/tikz/shade'. I a
m going to ignore this key.

See the pgfkeys package documentation for explanation.
Type  H <return>  for immediate help.
 ...                                              
                                                  
l.52 }
      
(That was another \errmessage.)


! Package pgfkeys Error: Choice 'ball' unknown in choice key '/tikz/shade'. I a
m going to ignore this key.

See the pgfkeys package documentation for explanation.
Type  H <return>  for immediate help.
 ...                                              
                                                  
l.52 }
      
(That was another \errmessage.)


! Package pgfkeys Error: Choice 'ball' unknown in choice key '/tikz/shade'. I a
m going to ignore this key.

See the pgfkeys package documentation for explanation.
Type  H <return>  for immediate help.
 ...                                              
                                                  
l.52 }
      
(That was another \errmessage.)


! Package pgfkeys Error: Choice 'ball' unknown in choice key '/tikz/shade'. I a
m going to ignore this key.

See the pgfkeys package documentation for explanation.
Type  H <return>  for immediate help.
 ...                                              
                                                  
l.52 }
      
(That was another \errmessage.)


! Package pgfkeys Error: Choice 'ball' unknown in choice key '/tikz/shade'. I a
m going to ignore this key.

See the pgfkeys package documentation for explanation.
Type  H <return>  for immediate help.
 ...                                              
                                                  
l.52 }
      
(That was another \errmessage.)


! Package pgfkeys Error: Choice 'ball' unknown in choice key '/tikz/shade'. I a
m going to ignore this key.

See the pgfkeys package documentation for explanation.
Type  H <return>  for immediate help.
 ...                                              
                                                  
l.52 }
      
(That was another \errmessage.)


! Package pgfkeys Error: Choice 'ball' unknown in choice key '/tikz/shade'. I a
m going to ignore this key.

See the pgfkeys package documentation for explanation.
Type  H <return>  for immediate help.
 ...                                              
                                                  
l.52 }
      
(That was another \errmessage.)


! Package pgfkeys Error: Choice 'ball' unknown in choice key '/tikz/shade'. I a
m going to ignore this key.

See the pgfkeys package documentation for explanation.
Type  H <return>  for immediate help.
 ...                                              
                                                  
l.52 }
      
(That was another \errmessage.)

[1

{C:/ProgramData/MiKTeX/2.9/pdftex/config/pdftex.map}]

! Package pgfkeys Error: Choice 'ball' unknown in choice key '/tikz/shade'. I a
m going to ignore this key.

See the pgfkeys package documentation for explanation.
Type  H <return>  for immediate help.
 ...                                              
                                                  
l.52 }
      
(That was another \errmessage.)


! Package pgfkeys Error: Choice 'ball' unknown in choice key '/tikz/shade'. I a
m going to ignore this key.

See the pgfkeys package documentation for explanation.
Type  H <return>  for immediate help.
 ...                                              
                                                  
l.52 }
      
(That was another \errmessage.)


! Package pgfkeys Error: Choice 'ball' unknown in choice key '/tikz/shade'. I a
m going to ignore this key.

See the pgfkeys package documentation for explanation.
Type  H <return>  for immediate help.
 ...                                              
                                                  
l.52 }
      
(That was another \errmessage.)


! Package pgfkeys Error: Choice 'ball' unknown in choice key '/tikz/shade'. I a
m going to ignore this key.

See the pgfkeys package documentation for explanation.
Type  H <return>  for immediate help.
 ...                                              
                                                  
l.52 }
      
(That was another \errmessage.)


! Package pgfkeys Error: Choice 'ball' unknown in choice key '/tikz/shade'. I a
m going to ignore this key.

See the pgfkeys package documentation for explanation.
Type  H <return>  for immediate help.
 ...                                              
                                                  
l.52 }
      
(That was another \errmessage.)


! Package pgfkeys Error: Choice 'ball' unknown in choice key '/tikz/shade'. I a
m going to ignore this key.

See the pgfkeys package documentation for explanation.
Type  H <return>  for immediate help.
 ...                                              
                                                  
l.52 }
      
(That was another \errmessage.)


! Package pgfkeys Error: Choice 'ball' unknown in choice key '/tikz/shade'. I a
m going to ignore this key.

See the pgfkeys package documentation for explanation.
Type  H <return>  for immediate help.
 ...                                              
                                                  
l.52 }
      
(That was another \errmessage.)


! Package pgfkeys Error: Choice 'ball' unknown in choice key '/tikz/shade'. I a
m going to ignore this key.

See the pgfkeys package documentation for explanation.
Type  H <return>  for immediate help.
 ...                                              
                                                  
l.52 }
      
(That was another \errmessage.)


! Package pgfkeys Error: Choice 'ball' unknown in choice key '/tikz/shade'. I a
m going to ignore this key.

See the pgfkeys package documentation for explanation.
Type  H <return>  for immediate help.
 ...                                              
                                                  
l.52 }
      
(That was another \errmessage.)


! Package pgfkeys Error: Choice 'ball' unknown in choice key '/tikz/shade'. I a
m going to ignore this key.

See the pgfkeys package documentation for explanation.
Type  H <return>  for immediate help.
 ...                                              
                                                  
l.52 }
      
(That was another \errmessage.)


! Package pgfkeys Error: Choice 'ball' unknown in choice key '/tikz/shade'. I a
m going to ignore this key.

See the pgfkeys package documentation for explanation.
Type  H <return>  for immediate help.
 ...                                              
                                                  
l.52 }
      
(That was another \errmessage.)


! Package pgfkeys Error: Choice 'ball' unknown in choice key '/tikz/shade'. I a
m going to ignore this key.

See the pgfkeys package documentation for explanation.
Type  H <return>  for immediate help.
 ...                                              
                                                  
l.52 }
      
(That was another \errmessage.)


! Package pgfkeys Error: Choice 'ball' unknown in choice key '/tikz/shade'. I a
m going to ignore this key.

See the pgfkeys package documentation for explanation.
Type  H <return>  for immediate help.
 ...                                              
                                                  
l.52 }
      
(That was another \errmessage.)


! Package pgfkeys Error: Choice 'ball' unknown in choice key '/tikz/shade'. I a
m going to ignore this key.

See the pgfkeys package documentation for explanation.
Type  H <return>  for immediate help.
 ...                                              
                                                  
l.52 }
      
(That was another \errmessage.)


! Package pgfkeys Error: Choice 'ball' unknown in choice key '/tikz/shade'. I a
m going to ignore this key.

See the pgfkeys package documentation for explanation.
Type  H <return>  for immediate help.
 ...                                              
                                                  
l.52 }
      
(That was another \errmessage.)


! Package pgfkeys Error: Choice 'ball' unknown in choice key '/tikz/shade'. I a
m going to ignore this key.

See the pgfkeys package documentation for explanation.
Type  H <return>  for immediate help.
 ...                                              
                                                  
l.52 }
      
(That was another \errmessage.)


! Package pgfkeys Error: Choice 'ball' unknown in choice key '/tikz/shade'. I a
m going to ignore this key.

See the pgfkeys package documentation for explanation.
Type  H <return>  for immediate help.
 ...                                              
                                                  
l.52 }
      
(That was another \errmessage.)


! Package pgfkeys Error: Choice 'ball' unknown in choice key '/tikz/shade'. I a
m going to ignore this key.

See the pgfkeys package documentation for explanation.
Type  H <return>  for immediate help.
 ...                                              
                                                  
l.52 }
      
(That was another \errmessage.)

[2]

! Package pgfkeys Error: Choice 'ball' unknown in choice key '/tikz/shade'. I a
m going to ignore this key.

See the pgfkeys package documentation for explanation.
Type  H <return>  for immediate help.
 ...                                              
                                                  
l.52 }
      
(That was another \errmessage.)


! Package pgfkeys Error: Choice 'ball' unknown in choice key '/tikz/shade'. I a
m going to ignore this key.

See the pgfkeys package documentation for explanation.
Type  H <return>  for immediate help.
 ...                                              
                                                  
l.52 }
      
(That was another \errmessage.)


! Package pgfkeys Error: Choice 'ball' unknown in choice key '/tikz/shade'. I a
m going to ignore this key.

See the pgfkeys package documentation for explanation.
Type  H <return>  for immediate help.
 ...                                              
                                                  
l.52 }
      
(That was another \errmessage.)


! Package pgfkeys Error: Choice 'ball' unknown in choice key '/tikz/shade'. I a
m going to ignore this key.

See the pgfkeys package documentation for explanation.
Type  H <return>  for immediate help.
 ...                                              
                                                  
l.52 }
      
(That was another \errmessage.)


! Package pgfkeys Error: Choice 'ball' unknown in choice key '/tikz/shade'. I a
m going to ignore this key.

See the pgfkeys package documentation for explanation.
Type  H <return>  for immediate help.
 ...                                              
                                                  
l.52 }
      
(That was another \errmessage.)


! Package pgfkeys Error: Choice 'ball' unknown in choice key '/tikz/shade'. I a
m going to ignore this key.

See the pgfkeys package documentation for explanation.
Type  H <return>  for immediate help.
 ...                                              
                                                  
l.52 }
      
(That was another \errmessage.)


! Package pgfkeys Error: Choice 'ball' unknown in choice key '/tikz/shade'. I a
m going to ignore this key.

See the pgfkeys package documentation for explanation.
Type  H <return>  for immediate help.
 ...                                              
                                                  
l.52 }
      
(That was another \errmessage.)


! Package pgfkeys Error: Choice 'ball' unknown in choice key '/tikz/shade'. I a
m going to ignore this key.

See the pgfkeys package documentation for explanation.
Type  H <return>  for immediate help.
 ...                                              
                                                  
l.52 }
      
(That was another \errmessage.)


! Package pgfkeys Error: Choice 'ball' unknown in choice key '/tikz/shade'. I a
m going to ignore this key.

See the pgfkeys package documentation for explanation.
Type  H <return>  for immediate help.
 ...                                              
                                                  
l.52 }
      
(That was another \errmessage.)


! Package pgfkeys Error: Choice 'ball' unknown in choice key '/tikz/shade'. I a
m going to ignore this key.

See the pgfkeys package documentation for explanation.
Type  H <return>  for immediate help.
 ...                                              
                                                  
l.52 }
      
(That was another \errmessage.)


! Package pgfkeys Error: Choice 'ball' unknown in choice key '/tikz/shade'. I a
m going to ignore this key.

See the pgfkeys package documentation for explanation.
Type  H <return>  for immediate help.
 ...                                              
                                                  
l.52 }
      
(That was another \errmessage.)


! Package pgfkeys Error: Choice 'ball' unknown in choice key '/tikz/shade'. I a
m going to ignore this key.

See the pgfkeys package documentation for explanation.
Type  H <return>  for immediate help.
 ...                                              
                                                  
l.52 }
      
(That was another \errmessage.)


! Package pgfkeys Error: Choice 'ball' unknown in choice key '/tikz/shade'. I a
m going to ignore this key.

See the pgfkeys package documentation for explanation.
Type  H <return>  for immediate help.
 ...                                              
                                                  
l.52 }
      
(That was another \errmessage.)


! Package pgfkeys Error: Choice 'ball' unknown in choice key '/tikz/shade'. I a
m going to ignore this key.

See the pgfkeys package documentation for explanation.
Type  H <return>  for immediate help.
 ...                                              
                                                  
l.52 }
      
(That was another \errmessage.)


! Package pgfkeys Error: Choice 'ball' unknown in choice key '/tikz/shade'. I a
m going to ignore this key.

See the pgfkeys package documentation for explanation.
Type  H <return>  for immediate help.
 ...                                              
                                                  
l.52 }
      
(That was another \errmessage.)


! Package pgfkeys Error: Choice 'ball' unknown in choice key '/tikz/shade'. I a
m going to ignore this key.

See the pgfkeys package documentation for explanation.
Type  H <return>  for immediate help.
 ...                                              
                                                  
l.52 }
      
(That was another \errmessage.)


! Package pgfkeys Error: Choice 'ball' unknown in choice key '/tikz/shade'. I a
m going to ignore this key.

See the pgfkeys package documentation for explanation.
Type  H <return>  for immediate help.
 ...                                              
                                                  
l.52 }
      
(That was another \errmessage.)


! Package pgfkeys Error: Choice 'ball' unknown in choice key '/tikz/shade'. I a
m going to ignore this key.

See the pgfkeys package documentation for explanation.
Type  H <return>  for immediate help.
 ...                                              
                                                  
l.52 }
      
(That was another \errmessage.)

[3]

! Package pgfkeys Error: Choice 'ball' unknown in choice key '/tikz/shade'. I a
m going to ignore this key.

See the pgfkeys package documentation for explanation.
Type  H <return>  for immediate help.
 ...                                              
                                                  
l.52 }
      
(That was another \errmessage.)


! Package pgfkeys Error: Choice 'ball' unknown in choice key '/tikz/shade'. I a
m going to ignore this key.

See the pgfkeys package documentation for explanation.
Type  H <return>  for immediate help.
 ...                                              
                                                  
l.52 }
      
(That was another \errmessage.)


! Package pgfkeys Error: Choice 'ball' unknown in choice key '/tikz/shade'. I a
m going to ignore this key.

See the pgfkeys package documentation for explanation.
Type  H <return>  for immediate help.
 ...                                              
                                                  
l.52 }
      
(That was another \errmessage.)


! Package pgfkeys Error: Choice 'ball' unknown in choice key '/tikz/shade'. I a
m going to ignore this key.

See the pgfkeys package documentation for explanation.
Type  H <return>  for immediate help.
 ...                                              
                                                  
l.52 }
      
(That was another \errmessage.)


! Package pgfkeys Error: Choice 'ball' unknown in choice key '/tikz/shade'. I a
m going to ignore this key.

See the pgfkeys package documentation for explanation.
Type  H <return>  for immediate help.
 ...                                              
                                                  
l.52 }
      
(That was another \errmessage.)


! Package pgfkeys Error: Choice 'ball' unknown in choice key '/tikz/shade'. I a
m going to ignore this key.

See the pgfkeys package documentation for explanation.
Type  H <return>  for immediate help.
 ...                                              
                                                  
l.52 }
      
(That was another \errmessage.)


! Package pgfkeys Error: Choice 'ball' unknown in choice key '/tikz/shade'. I a
m going to ignore this key.

See the pgfkeys package documentation for explanation.
Type  H <return>  for immediate help.
 ...                                              
                                                  
l.52 }
      
(That was another \errmessage.)


! Package pgfkeys Error: Choice 'ball' unknown in choice key '/tikz/shade'. I a
m going to ignore this key.

See the pgfkeys package documentation for explanation.
Type  H <return>  for immediate help.
 ...                                              
                                                  
l.52 }
      
(That was another \errmessage.)


! Package pgfkeys Error: Choice 'ball' unknown in choice key '/tikz/shade'. I a
m going to ignore this key.

See the pgfkeys package documentation for explanation.
Type  H <return>  for immediate help.
 ...                                              
                                                  
l.52 }
      
(That was another \errmessage.)


! Package pgfkeys Error: Choice 'ball' unknown in choice key '/tikz/shade'. I a
m going to ignore this key.

See the pgfkeys package documentation for explanation.
Type  H <return>  for immediate help.
 ...                                              
                                                  
l.52 }
      
(That was another \errmessage.)


! Package pgfkeys Error: Choice 'ball' unknown in choice key '/tikz/shade'. I a
m going to ignore this key.

See the pgfkeys package documentation for explanation.
Type  H <return>  for immediate help.
 ...                                              
                                                  
l.52 }
      
(That was another \errmessage.)


! Package pgfkeys Error: Choice 'ball' unknown in choice key '/tikz/shade'. I a
m going to ignore this key.

See the pgfkeys package documentation for explanation.
Type  H <return>  for immediate help.
 ...                                              
                                                  
l.52 }
      
(That was another \errmessage.)


! Package pgfkeys Error: Choice 'ball' unknown in choice key '/tikz/shade'. I a
m going to ignore this key.

See the pgfkeys package documentation for explanation.
Type  H <return>  for immediate help.
 ...                                              
                                                  
l.52 }
      
(That was another \errmessage.)


! Package pgfkeys Error: Choice 'ball' unknown in choice key '/tikz/shade'. I a
m going to ignore this key.

See the pgfkeys package documentation for explanation.
Type  H <return>  for immediate help.
 ...                                              
                                                  
l.52 }
      
(That was another \errmessage.)


! Package pgfkeys Error: Choice 'ball' unknown in choice key '/tikz/shade'. I a
m going to ignore this key.

See the pgfkeys package documentation for explanation.
Type  H <return>  for immediate help.
 ...                                              
                                                  
l.52 }
      
(That was another \errmessage.)


! Package pgfkeys Error: Choice 'ball' unknown in choice key '/tikz/shade'. I a
m going to ignore this key.

See the pgfkeys package documentation for explanation.
Type  H <return>  for immediate help.
 ...                                              
                                                  
l.52 }
      
(That was another \errmessage.)


! Package pgfkeys Error: Choice 'ball' unknown in choice key '/tikz/shade'. I a
m going to ignore this key.

See the pgfkeys package documentation for explanation.
Type  H <return>  for immediate help.
 ...                                              
                                                  
l.52 }
      
(That was another \errmessage.)


! Package pgfkeys Error: Choice 'ball' unknown in choice key '/tikz/shade'. I a
m going to ignore this key.

See the pgfkeys package documentation for explanation.
Type  H <return>  for immediate help.
 ...                                              
                                                  
l.52 }
      
(That was another \errmessage.)

[4]

! Package pgfkeys Error: Choice 'ball' unknown in choice key '/tikz/shade'. I a
m going to ignore this key.

See the pgfkeys package documentation for explanation.
Type  H <return>  for immediate help.
 ...                                              
                                                  
l.52 }
      
(That was another \errmessage.)


! Package pgfkeys Error: Choice 'ball' unknown in choice key '/tikz/shade'. I a
m going to ignore this key.

See the pgfkeys package documentation for explanation.
Type  H <return>  for immediate help.
 ...                                              
                                                  
l.52 }
      
(That was another \errmessage.)


! Package pgfkeys Error: Choice 'ball' unknown in choice key '/tikz/shade'. I a
m going to ignore this key.

See the pgfkeys package documentation for explanation.
Type  H <return>  for immediate help.
 ...                                              
                                                  
l.52 }
      
(That was another \errmessage.)


! Package pgfkeys Error: Choice 'ball' unknown in choice key '/tikz/shade'. I a
m going to ignore this key.

See the pgfkeys package documentation for explanation.
Type  H <return>  for immediate help.
 ...                                              
                                                  
l.52 }
      
(That was another \errmessage.)


! Package pgfkeys Error: Choice 'ball' unknown in choice key '/tikz/shade'. I a
m going to ignore this key.

See the pgfkeys package documentation for explanation.
Type  H <return>  for immediate help.
 ...                                              
                                                  
l.52 }
      
(That was another \errmessage.)


! Package pgfkeys Error: Choice 'ball' unknown in choice key '/tikz/shade'. I a
m going to ignore this key.

See the pgfkeys package documentation for explanation.
Type  H <return>  for immediate help.
 ...                                              
                                                  
l.52 }
      
(That was another \errmessage.)


! Package pgfkeys Error: Choice 'ball' unknown in choice key '/tikz/shade'. I a
m going to ignore this key.

See the pgfkeys package documentation for explanation.
Type  H <return>  for immediate help.
 ...                                              
                                                  
l.52 }
      
(That was another \errmessage.)


! Package pgfkeys Error: Choice 'ball' unknown in choice key '/tikz/shade'. I a
m going to ignore this key.

See the pgfkeys package documentation for explanation.
Type  H <return>  for immediate help.
 ...                                              
                                                  
l.52 }
      
(That was another \errmessage.)


! Package pgfkeys Error: Choice 'ball' unknown in choice key '/tikz/shade'. I a
m going to ignore this key.

See the pgfkeys package documentation for explanation.
Type  H <return>  for immediate help.
 ...                                              
                                                  
l.52 }
      
(That was another \errmessage.)


! Package pgfkeys Error: Choice 'ball' unknown in choice key '/tikz/shade'. I a
m going to ignore this key.

See the pgfkeys package documentation for explanation.
Type  H <return>  for immediate help.
 ...                                              
                                                  
l.52 }
      
(That was another \errmessage.)


! Package pgfkeys Error: Choice 'ball' unknown in choice key '/tikz/shade'. I a
m going to ignore this key.

See the pgfkeys package documentation for explanation.
Type  H <return>  for immediate help.
 ...                                              
                                                  
l.52 }
      
(That was another \errmessage.)


! Package pgfkeys Error: Choice 'ball' unknown in choice key '/tikz/shade'. I a
m going to ignore this key.

See the pgfkeys package documentation for explanation.
Type  H <return>  for immediate help.
 ...                                              
                                                  
l.52 }
      
(That was another \errmessage.)


! Package pgfkeys Error: Choice 'ball' unknown in choice key '/tikz/shade'. I a
m going to ignore this key.

See the pgfkeys package documentation for explanation.
Type  H <return>  for immediate help.
 ...                                              
                                                  
l.52 }
      
(That was another \errmessage.)


! Package pgfkeys Error: Choice 'ball' unknown in choice key '/tikz/shade'. I a
m going to ignore this key.

See the pgfkeys package documentation for explanation.
Type  H <return>  for immediate help.
 ...                                              
                                                  
l.52 }
      
(That was another \errmessage.)


! Package pgfkeys Error: Choice 'ball' unknown in choice key '/tikz/shade'. I a
m going to ignore this key.

See the pgfkeys package documentation for explanation.
Type  H <return>  for immediate help.
 ...                                              
                                                  
l.52 }
      
(That was another \errmessage.)


! Package pgfkeys Error: Choice 'ball' unknown in choice key '/tikz/shade'. I a
m going to ignore this key.

See the pgfkeys package documentation for explanation.
Type  H <return>  for immediate help.
 ...                                              
                                                  
l.52 }
      
(That was another \errmessage.)


! Package pgfkeys Error: Choice 'ball' unknown in choice key '/tikz/shade'. I a
m going to ignore this key.

See the pgfkeys package documentation for explanation.
Type  H <return>  for immediate help.
 ...                                              
                                                  
l.52 }
      
(That was another \errmessage.)


! Package pgfkeys Error: Choice 'ball' unknown in choice key '/tikz/shade'. I a
m going to ignore this key.

See the pgfkeys package documentation for explanation.
Type  H <return>  for immediate help.
 ...                                              
                                                  
l.52 }
      
(That was another \errmessage.)

[5]

! Package pgfkeys Error: Choice 'ball' unknown in choice key '/tikz/shade'. I a
m going to ignore this key.

See the pgfkeys package documentation for explanation.
Type  H <return>  for immediate help.
 ...                                              
                                                  
l.52 }
      
(That was another \errmessage.)


! Package pgfkeys Error: Choice 'ball' unknown in choice key '/tikz/shade'. I a
m going to ignore this key.

See the pgfkeys package documentation for explanation.
Type  H <return>  for immediate help.
 ...                                              
                                                  
l.52 }
      
(That was another \errmessage.)


! Package pgfkeys Error: Choice 'ball' unknown in choice key '/tikz/shade'. I a
m going to ignore this key.

See the pgfkeys package documentation for explanation.
Type  H <return>  for immediate help.
 ...                                              
                                                  
l.52 }
      
(That was another \errmessage.)


! Package pgfkeys Error: Choice 'ball' unknown in choice key '/tikz/shade'. I a
m going to ignore this key.

See the pgfkeys package documentation for explanation.
Type  H <return>  for immediate help.
 ...                                              
                                                  
l.52 }
      
(That was another \errmessage.)


! Package pgfkeys Error: Choice 'ball' unknown in choice key '/tikz/shade'. I a
m going to ignore this key.

See the pgfkeys package documentation for explanation.
Type  H <return>  for immediate help.
 ...                                              
                                                  
l.52 }
      
(That was another \errmessage.)


! Package pgfkeys Error: Choice 'ball' unknown in choice key '/tikz/shade'. I a
m going to ignore this key.

See the pgfkeys package documentation for explanation.
Type  H <return>  for immediate help.
 ...                                              
                                                  
l.52 }
      
(That was another \errmessage.)


! Package pgfkeys Error: Choice 'ball' unknown in choice key '/tikz/shade'. I a
m going to ignore this key.

See the pgfkeys package documentation for explanation.
Type  H <return>  for immediate help.
 ...                                              
                                                  
l.52 }
      
(That was another \errmessage.)


! Package pgfkeys Error: Choice 'ball' unknown in choice key '/tikz/shade'. I a
m going to ignore this key.

See the pgfkeys package documentation for explanation.
Type  H <return>  for immediate help.
 ...                                              
                                                  
l.52 }
      
(That was another \errmessage.)


! Package pgfkeys Error: Choice 'ball' unknown in choice key '/tikz/shade'. I a
m going to ignore this key.

See the pgfkeys package documentation for explanation.
Type  H <return>  for immediate help.
 ...                                              
                                                  
l.52 }
      
(That was another \errmessage.)


! Package pgfkeys Error: Choice 'ball' unknown in choice key '/tikz/shade'. I a
m going to ignore this key.

See the pgfkeys package documentation for explanation.
Type  H <return>  for immediate help.
 ...                                              
                                                  
l.52 }
      
(That was another \errmessage.)


! Package pgfkeys Error: Choice 'ball' unknown in choice key '/tikz/shade'. I a
m going to ignore this key.

See the pgfkeys package documentation for explanation.
Type  H <return>  for immediate help.
 ...                                              
                                                  
l.52 }
      
(That was another \errmessage.)


! Package pgfkeys Error: Choice 'ball' unknown in choice key '/tikz/shade'. I a
m going to ignore this key.

See the pgfkeys package documentation for explanation.
Type  H <return>  for immediate help.
 ...                                              
                                                  
l.52 }
      
(That was another \errmessage.)


! Package pgfkeys Error: Choice 'ball' unknown in choice key '/tikz/shade'. I a
m going to ignore this key.

See the pgfkeys package documentation for explanation.
Type  H <return>  for immediate help.
 ...                                              
                                                  
l.52 }
      
(That was another \errmessage.)


! Package pgfkeys Error: Choice 'ball' unknown in choice key '/tikz/shade'. I a
m going to ignore this key.

See the pgfkeys package documentation for explanation.
Type  H <return>  for immediate help.
 ...                                              
                                                  
l.52 }
      
(That was another \errmessage.)


! Package pgfkeys Error: Choice 'ball' unknown in choice key '/tikz/shade'. I a
m going to ignore this key.

See the pgfkeys package documentation for explanation.
Type  H <return>  for immediate help.
 ...                                              
                                                  
l.52 }
      
(That was another \errmessage.)


! Package pgfkeys Error: Choice 'ball' unknown in choice key '/tikz/shade'. I a
m going to ignore this key.

See the pgfkeys package documentation for explanation.
Type  H <return>  for immediate help.
 ...                                              
                                                  
l.52 }
      
(That was another \errmessage.)


! Package pgfkeys Error: Choice 'ball' unknown in choice key '/tikz/shade'. I a
m going to ignore this key.

See the pgfkeys package documentation for explanation.
Type  H <return>  for immediate help.
 ...                                              
                                                  
l.52 }
      
(That was another \errmessage.)


! Package pgfkeys Error: Choice 'ball' unknown in choice key '/tikz/shade'. I a
m going to ignore this key.

See the pgfkeys package documentation for explanation.
Type  H <return>  for immediate help.
 ...                                              
                                                  
l.52 }
      
(That was another \errmessage.)

[6]

! Package pgfkeys Error: Choice 'ball' unknown in choice key '/tikz/shade'. I a
m going to ignore this key.

See the pgfkeys package documentation for explanation.
Type  H <return>  for immediate help.
 ...                                              
                                                  
l.52 }
      
(That was another \errmessage.)


! Package pgfkeys Error: Choice 'ball' unknown in choice key '/tikz/shade'. I a
m going to ignore this key.

See the pgfkeys package documentation for explanation.
Type  H <return>  for immediate help.
 ...                                              
                                                  
l.52 }
      
(That was another \errmessage.)


! Package pgfkeys Error: Choice 'ball' unknown in choice key '/tikz/shade'. I a
m going to ignore this key.

See the pgfkeys package documentation for explanation.
Type  H <return>  for immediate help.
 ...                                              
                                                  
l.52 }
      
(That was another \errmessage.)


! Package pgfkeys Error: Choice 'ball' unknown in choice key '/tikz/shade'. I a
m going to ignore this key.

See the pgfkeys package documentation for explanation.
Type  H <return>  for immediate help.
 ...                                              
                                                  
l.52 }
      
(That was another \errmessage.)


! Package pgfkeys Error: Choice 'ball' unknown in choice key '/tikz/shade'. I a
m going to ignore this key.

See the pgfkeys package documentation for explanation.
Type  H <return>  for immediate help.
 ...                                              
                                                  
l.52 }
      
(That was another \errmessage.)


! Package pgfkeys Error: Choice 'ball' unknown in choice key '/tikz/shade'. I a
m going to ignore this key.

See the pgfkeys package documentation for explanation.
Type  H <return>  for immediate help.
 ...                                              
                                                  
l.52 }
      
(That was another \errmessage.)


! Package pgfkeys Error: Choice 'ball' unknown in choice key '/tikz/shade'. I a
m going to ignore this key.

See the pgfkeys package documentation for explanation.
Type  H <return>  for immediate help.
 ...                                              
                                                  
l.52 }
      
(That was another \errmessage.)


! Package pgfkeys Error: Choice 'ball' unknown in choice key '/tikz/shade'. I a
m going to ignore this key.

See the pgfkeys package documentation for explanation.
Type  H <return>  for immediate help.
 ...                                              
                                                  
l.52 }
      
(That was another \errmessage.)


! Package pgfkeys Error: Choice 'ball' unknown in choice key '/tikz/shade'. I a
m going to ignore this key.

See the pgfkeys package documentation for explanation.
Type  H <return>  for immediate help.
 ...                                              
                                                  
l.52 }
      
(That was another \errmessage.)


! Package pgfkeys Error: Choice 'ball' unknown in choice key '/tikz/shade'. I a
m going to ignore this key.

See the pgfkeys package documentation for explanation.
Type  H <return>  for immediate help.
 ...                                              
                                                  
l.52 }
      
(That was another \errmessage.)


! Package pgfkeys Error: Choice 'ball' unknown in choice key '/tikz/shade'. I a
m going to ignore this key.

See the pgfkeys package documentation for explanation.
Type  H <return>  for immediate help.
 ...                                              
                                                  
l.52 }
      
(That was another \errmessage.)


! Package pgfkeys Error: Choice 'ball' unknown in choice key '/tikz/shade'. I a
m going to ignore this key.

See the pgfkeys package documentation for explanation.
Type  H <return>  for immediate help.
 ...                                              
                                                  
l.52 }
      
(That was another \errmessage.)


! Package pgfkeys Error: Choice 'ball' unknown in choice key '/tikz/shade'. I a
m going to ignore this key.

See the pgfkeys package documentation for explanation.
Type  H <return>  for immediate help.
 ...                                              
                                                  
l.52 }
      
(That was another \errmessage.)


! Package pgfkeys Error: Choice 'ball' unknown in choice key '/tikz/shade'. I a
m going to ignore this key.

See the pgfkeys package documentation for explanation.
Type  H <return>  for immediate help.
 ...                                              
                                                  
l.52 }
      
(That was another \errmessage.)


! Package pgfkeys Error: Choice 'ball' unknown in choice key '/tikz/shade'. I a
m going to ignore this key.

See the pgfkeys package documentation for explanation.
Type  H <return>  for immediate help.
 ...                                              
                                                  
l.52 }
      
(That was another \errmessage.)


! Package pgfkeys Error: Choice 'ball' unknown in choice key '/tikz/shade'. I a
m going to ignore this key.

See the pgfkeys package documentation for explanation.
Type  H <return>  for immediate help.
 ...                                              
                                                  
l.52 }
      
(That was another \errmessage.)


! Package pgfkeys Error: Choice 'ball' unknown in choice key '/tikz/shade'. I a
m going to ignore this key.

See the pgfkeys package documentation for explanation.
Type  H <return>  for immediate help.
 ...                                              
                                                  
l.52 }
      
(That was another \errmessage.)


! Package pgfkeys Error: Choice 'ball' unknown in choice key '/tikz/shade'. I a
m going to ignore this key.

See the pgfkeys package documentation for explanation.
Type  H <return>  for immediate help.
 ...                                              
                                                  
l.52 }
      
(That was another \errmessage.)

[7]

! Package pgfkeys Error: Choice 'ball' unknown in choice key '/tikz/shade'. I a
m going to ignore this key.

See the pgfkeys package documentation for explanation.
Type  H <return>  for immediate help.
 ...                                              
                                                  
l.52 }
      
(That was another \errmessage.)


! Package pgfkeys Error: Choice 'ball' unknown in choice key '/tikz/shade'. I a
m going to ignore this key.

See the pgfkeys package documentation for explanation.
Type  H <return>  for immediate help.
 ...                                              
                                                  
l.52 }
      
(That was another \errmessage.)


! Package pgfkeys Error: Choice 'ball' unknown in choice key '/tikz/shade'. I a
m going to ignore this key.

See the pgfkeys package documentation for explanation.
Type  H <return>  for immediate help.
 ...                                              
                                                  
l.52 }
      
(That was another \errmessage.)


! Package pgfkeys Error: Choice 'ball' unknown in choice key '/tikz/shade'. I a
m going to ignore this key.

See the pgfkeys package documentation for explanation.
Type  H <return>  for immediate help.
 ...                                              
                                                  
l.52 }
      
(That was another \errmessage.)


! Package pgfkeys Error: Choice 'ball' unknown in choice key '/tikz/shade'. I a
m going to ignore this key.

See the pgfkeys package documentation for explanation.
Type  H <return>  for immediate help.
 ...                                              
                                                  
l.52 }
      
(That was another \errmessage.)


! Package pgfkeys Error: Choice 'ball' unknown in choice key '/tikz/shade'. I a
m going to ignore this key.

See the pgfkeys package documentation for explanation.
Type  H <return>  for immediate help.
 ...                                              
                                                  
l.52 }
      
(That was another \errmessage.)


! Package pgfkeys Error: Choice 'ball' unknown in choice key '/tikz/shade'. I a
m going to ignore this key.

See the pgfkeys package documentation for explanation.
Type  H <return>  for immediate help.
 ...                                              
                                                  
l.52 }
      
(That was another \errmessage.)


! Package pgfkeys Error: Choice 'ball' unknown in choice key '/tikz/shade'. I a
m going to ignore this key.

See the pgfkeys package documentation for explanation.
Type  H <return>  for immediate help.
 ...                                              
                                                  
l.52 }
      
(That was another \errmessage.)


! Package pgfkeys Error: Choice 'ball' unknown in choice key '/tikz/shade'. I a
m going to ignore this key.

See the pgfkeys package documentation for explanation.
Type  H <return>  for immediate help.
 ...                                              
                                                  
l.52 }
      
(That was another \errmessage.)


! Package pgfkeys Error: Choice 'ball' unknown in choice key '/tikz/shade'. I a
m going to ignore this key.

See the pgfkeys package documentation for explanation.
Type  H <return>  for immediate help.
 ...                                              
                                                  
l.52 }
      
(That was another \errmessage.)


! Package pgfkeys Error: Choice 'ball' unknown in choice key '/tikz/shade'. I a
m going to ignore this key.

See the pgfkeys package documentation for explanation.
Type  H <return>  for immediate help.
 ...                                              
                                                  
l.52 }
      
(That was another \errmessage.)


! Package pgfkeys Error: Choice 'ball' unknown in choice key '/tikz/shade'. I a
m going to ignore this key.

See the pgfkeys package documentation for explanation.
Type  H <return>  for immediate help.
 ...                                              
                                                  
l.52 }
      
(That was another \errmessage.)


! Package pgfkeys Error: Choice 'ball' unknown in choice key '/tikz/shade'. I a
m going to ignore this key.

See the pgfkeys package documentation for explanation.
Type  H <return>  for immediate help.
 ...                                              
                                                  
l.52 }
      
(That was another \errmessage.)


! Package pgfkeys Error: Choice 'ball' unknown in choice key '/tikz/shade'. I a
m going to ignore this key.

See the pgfkeys package documentation for explanation.
Type  H <return>  for immediate help.
 ...                                              
                                                  
l.52 }
      
(That was another \errmessage.)


! Package pgfkeys Error: Choice 'ball' unknown in choice key '/tikz/shade'. I a
m going to ignore this key.

See the pgfkeys package documentation for explanation.
Type  H <return>  for immediate help.
 ...                                              
                                                  
l.52 }
      
(That was another \errmessage.)


! Package pgfkeys Error: Choice 'ball' unknown in choice key '/tikz/shade'. I a
m going to ignore this key.

See the pgfkeys package documentation for explanation.
Type  H <return>  for immediate help.
 ...                                              
                                                  
l.52 }
      
(That was another \errmessage.)


! Package pgfkeys Error: Choice 'ball' unknown in choice key '/tikz/shade'. I a
m going to ignore this key.

See the pgfkeys package documentation for explanation.
Type  H <return>  for immediate help.
 ...                                              
                                                  
l.52 }
      
(That was another \errmessage.)


! Package pgfkeys Error: Choice 'ball' unknown in choice key '/tikz/shade'. I a
m going to ignore this key.

See the pgfkeys package documentation for explanation.
Type  H <return>  for immediate help.
 ...                                              
                                                  
l.52 }
      
(That was another \errmessage.)

[8]

! Package pgfkeys Error: Choice 'ball' unknown in choice key '/tikz/shade'. I a
m going to ignore this key.

See the pgfkeys package documentation for explanation.
Type  H <return>  for immediate help.
 ...                                              
                                                  
l.52 }
      
(That was another \errmessage.)


! Package pgfkeys Error: Choice 'ball' unknown in choice key '/tikz/shade'. I a
m going to ignore this key.

See the pgfkeys package documentation for explanation.
Type  H <return>  for immediate help.
 ...                                              
                                                  
l.52 }
      
(That was another \errmessage.)


! Package pgfkeys Error: Choice 'ball' unknown in choice key '/tikz/shade'. I a
m going to ignore this key.

See the pgfkeys package documentation for explanation.
Type  H <return>  for immediate help.
 ...                                              
                                                  
l.52 }
      
(That was another \errmessage.)


! Package pgfkeys Error: Choice 'ball' unknown in choice key '/tikz/shade'. I a
m going to ignore this key.

See the pgfkeys package documentation for explanation.
Type  H <return>  for immediate help.
 ...                                              
                                                  
l.52 }
      
(That was another \errmessage.)


! Package pgfkeys Error: Choice 'ball' unknown in choice key '/tikz/shade'. I a
m going to ignore this key.

See the pgfkeys package documentation for explanation.
Type  H <return>  for immediate help.
 ...                                              
                                                  
l.52 }
      
(That was another \errmessage.)


! Package pgfkeys Error: Choice 'ball' unknown in choice key '/tikz/shade'. I a
m going to ignore this key.

See the pgfkeys package documentation for explanation.
Type  H <return>  for immediate help.
 ...                                              
                                                  
l.52 }
      
(That was another \errmessage.)


! Package pgfkeys Error: Choice 'ball' unknown in choice key '/tikz/shade'. I a
m going to ignore this key.

See the pgfkeys package documentation for explanation.
Type  H <return>  for immediate help.
 ...                                              
                                                  
l.52 }
      
(That was another \errmessage.)


! Package pgfkeys Error: Choice 'ball' unknown in choice key '/tikz/shade'. I a
m going to ignore this key.

See the pgfkeys package documentation for explanation.
Type  H <return>  for immediate help.
 ...                                              
                                                  
l.52 }
      
(That was another \errmessage.)


! Package pgfkeys Error: Choice 'ball' unknown in choice key '/tikz/shade'. I a
m going to ignore this key.

See the pgfkeys package documentation for explanation.
Type  H <return>  for immediate help.
 ...                                              
                                                  
l.52 }
      
(That was another \errmessage.)


! Package pgfkeys Error: Choice 'ball' unknown in choice key '/tikz/shade'. I a
m going to ignore this key.

See the pgfkeys package documentation for explanation.
Type  H <return>  for immediate help.
 ...                                              
                                                  
l.52 }
      
(That was another \errmessage.)


! Package pgfkeys Error: Choice 'ball' unknown in choice key '/tikz/shade'. I a
m going to ignore this key.

See the pgfkeys package documentation for explanation.
Type  H <return>  for immediate help.
 ...                                              
                                                  
l.52 }
      
(That was another \errmessage.)


! Package pgfkeys Error: Choice 'ball' unknown in choice key '/tikz/shade'. I a
m going to ignore this key.

See the pgfkeys package documentation for explanation.
Type  H <return>  for immediate help.
 ...                                              
                                                  
l.52 }
      
(That was another \errmessage.)


! Package pgfkeys Error: Choice 'ball' unknown in choice key '/tikz/shade'. I a
m going to ignore this key.

See the pgfkeys package documentation for explanation.
Type  H <return>  for immediate help.
 ...                                              
                                                  
l.52 }
      
(That was another \errmessage.)


! Package pgfkeys Error: Choice 'ball' unknown in choice key '/tikz/shade'. I a
m going to ignore this key.

See the pgfkeys package documentation for explanation.
Type  H <return>  for immediate help.
 ...                                              
                                                  
l.52 }
      
(That was another \errmessage.)


! Package pgfkeys Error: Choice 'ball' unknown in choice key '/tikz/shade'. I a
m going to ignore this key.

See the pgfkeys package documentation for explanation.
Type  H <return>  for immediate help.
 ...                                              
                                                  
l.52 }
      
(That was another \errmessage.)


! Package pgfkeys Error: Choice 'ball' unknown in choice key '/tikz/shade'. I a
m going to ignore this key.

See the pgfkeys package documentation for explanation.
Type  H <return>  for immediate help.
 ...                                              
                                                  
l.52 }
      
(That was another \errmessage.)


! Package pgfkeys Error: Choice 'ball' unknown in choice key '/tikz/shade'. I a
m going to ignore this key.

See the pgfkeys package documentation for explanation.
Type  H <return>  for immediate help.
 ...                                              
                                                  
l.52 }
      
(That was another \errmessage.)


! Package pgfkeys Error: Choice 'ball' unknown in choice key '/tikz/shade'. I a
m going to ignore this key.

See the pgfkeys package documentation for explanation.
Type  H <return>  for immediate help.
 ...                                              
                                                  
l.52 }
      
(That was another \errmessage.)

[9]

! Package pgfkeys Error: Choice 'ball' unknown in choice key '/tikz/shade'. I a
m going to ignore this key.

See the pgfkeys package documentation for explanation.
Type  H <return>  for immediate help.
 ...                                              
                                                  
l.52 }
      
(That was another \errmessage.)


! Package pgfkeys Error: Choice 'ball' unknown in choice key '/tikz/shade'. I a
m going to ignore this key.

See the pgfkeys package documentation for explanation.
Type  H <return>  for immediate help.
 ...                                              
                                                  
l.52 }
      
(That was another \errmessage.)


! Package pgfkeys Error: Choice 'ball' unknown in choice key '/tikz/shade'. I a
m going to ignore this key.

See the pgfkeys package documentation for explanation.
Type  H <return>  for immediate help.
 ...                                              
                                                  
l.52 }
      
(That was another \errmessage.)


! Package pgfkeys Error: Choice 'ball' unknown in choice key '/tikz/shade'. I a
m going to ignore this key.

See the pgfkeys package documentation for explanation.
Type  H <return>  for immediate help.
 ...                                              
                                                  
l.52 }
      
(That was another \errmessage.)


! Package pgfkeys Error: Choice 'ball' unknown in choice key '/tikz/shade'. I a
m going to ignore this key.

See the pgfkeys package documentation for explanation.
Type  H <return>  for immediate help.
 ...                                              
                                                  
l.52 }
      
(That was another \errmessage.)


! Package pgfkeys Error: Choice 'ball' unknown in choice key '/tikz/shade'. I a
m going to ignore this key.

See the pgfkeys package documentation for explanation.
Type  H <return>  for immediate help.
 ...                                              
                                                  
l.52 }
      
(That was another \errmessage.)


! Package pgfkeys Error: Choice 'ball' unknown in choice key '/tikz/shade'. I a
m going to ignore this key.

See the pgfkeys package documentation for explanation.
Type  H <return>  for immediate help.
 ...                                              
                                                  
l.52 }
      
(That was another \errmessage.)


! Package pgfkeys Error: Choice 'ball' unknown in choice key '/tikz/shade'. I a
m going to ignore this key.

See the pgfkeys package documentation for explanation.
Type  H <return>  for immediate help.
 ...                                              
                                                  
l.52 }
      
(That was another \errmessage.)


! Package pgfkeys Error: Choice 'ball' unknown in choice key '/tikz/shade'. I a
m going to ignore this key.

See the pgfkeys package documentation for explanation.
Type  H <return>  for immediate help.
 ...                                              
                                                  
l.52 }
      
(That was another \errmessage.)


! Package pgfkeys Error: Choice 'ball' unknown in choice key '/tikz/shade'. I a
m going to ignore this key.

See the pgfkeys package documentation for explanation.
Type  H <return>  for immediate help.
 ...                                              
                                                  
l.52 }
      
(That was another \errmessage.)


! Package pgfkeys Error: Choice 'ball' unknown in choice key '/tikz/shade'. I a
m going to ignore this key.

See the pgfkeys package documentation for explanation.
Type  H <return>  for immediate help.
 ...                                              
                                                  
l.52 }
      
(That was another \errmessage.)


! Package pgfkeys Error: Choice 'ball' unknown in choice key '/tikz/shade'. I a
m going to ignore this key.

See the pgfkeys package documentation for explanation.
Type  H <return>  for immediate help.
 ...                                              
                                                  
l.52 }
      
(That was another \errmessage.)


! Package pgfkeys Error: Choice 'ball' unknown in choice key '/tikz/shade'. I a
m going to ignore this key.

See the pgfkeys package documentation for explanation.
Type  H <return>  for immediate help.
 ...                                              
                                                  
l.52 }
      
(That was another \errmessage.)


! Package pgfkeys Error: Choice 'ball' unknown in choice key '/tikz/shade'. I a
m going to ignore this key.

See the pgfkeys package documentation for explanation.
Type  H <return>  for immediate help.
 ...                                              
                                                  
l.52 }
      
(That was another \errmessage.)


! Package pgfkeys Error: Choice 'ball' unknown in choice key '/tikz/shade'. I a
m going to ignore this key.

See the pgfkeys package documentation for explanation.
Type  H <return>  for immediate help.
 ...                                              
                                                  
l.52 }
      
(That was another \errmessage.)


! Package pgfkeys Error: Choice 'ball' unknown in choice key '/tikz/shade'. I a
m going to ignore this key.

See the pgfkeys package documentation for explanation.
Type  H <return>  for immediate help.
 ...                                              
                                                  
l.52 }
      
(That was another \errmessage.)


! Package pgfkeys Error: Choice 'ball' unknown in choice key '/tikz/shade'. I a
m going to ignore this key.

See the pgfkeys package documentation for explanation.
Type  H <return>  for immediate help.
 ...                                              
                                                  
l.52 }
      
(That was another \errmessage.)


! Package pgfkeys Error: Choice 'ball' unknown in choice key '/tikz/shade'. I a
m going to ignore this key.

See the pgfkeys package documentation for explanation.
Type  H <return>  for immediate help.
 ...                                              
                                                  
l.52 }
      
(That was another \errmessage.)

[10]

! Package pgfkeys Error: Choice 'ball' unknown in choice key '/tikz/shade'. I a
m going to ignore this key.

See the pgfkeys package documentation for explanation.
Type  H <return>  for immediate help.
 ...                                              
                                                  
l.52 }
      
(That was another \errmessage.)


! Package pgfkeys Error: Choice 'ball' unknown in choice key '/tikz/shade'. I a
m going to ignore this key.

See the pgfkeys package documentation for explanation.
Type  H <return>  for immediate help.
 ...                                              
                                                  
l.52 }
      
(That was another \errmessage.)


! Package pgfkeys Error: Choice 'ball' unknown in choice key '/tikz/shade'. I a
m going to ignore this key.

See the pgfkeys package documentation for explanation.
Type  H <return>  for immediate help.
 ...                                              
                                                  
l.52 }
      
(That was another \errmessage.)


! Package pgfkeys Error: Choice 'ball' unknown in choice key '/tikz/shade'. I a
m going to ignore this key.

See the pgfkeys package documentation for explanation.
Type  H <return>  for immediate help.
 ...                                              
                                                  
l.52 }
      
(That was another \errmessage.)


! Package pgfkeys Error: Choice 'ball' unknown in choice key '/tikz/shade'. I a
m going to ignore this key.

See the pgfkeys package documentation for explanation.
Type  H <return>  for immediate help.
 ...                                              
                                                  
l.52 }
      
(That was another \errmessage.)


! Package pgfkeys Error: Choice 'ball' unknown in choice key '/tikz/shade'. I a
m going to ignore this key.

See the pgfkeys package documentation for explanation.
Type  H <return>  for immediate help.
 ...                                              
                                                  
l.52 }
      
(That was another \errmessage.)


! Package pgfkeys Error: Choice 'ball' unknown in choice key '/tikz/shade'. I a
m going to ignore this key.

See the pgfkeys package documentation for explanation.
Type  H <return>  for immediate help.
 ...                                              
                                                  
l.52 }
      
(That was another \errmessage.)


! Package pgfkeys Error: Choice 'ball' unknown in choice key '/tikz/shade'. I a
m going to ignore this key.

See the pgfkeys package documentation for explanation.
Type  H <return>  for immediate help.
 ...                                              
                                                  
l.52 }
      
(That was another \errmessage.)


! Package pgfkeys Error: Choice 'ball' unknown in choice key '/tikz/shade'. I a
m going to ignore this key.

See the pgfkeys package documentation for explanation.
Type  H <return>  for immediate help.
 ...                                              
                                                  
l.52 }
      
(That was another \errmessage.)


! Package pgfkeys Error: Choice 'ball' unknown in choice key '/tikz/shade'. I a
m going to ignore this key.

See the pgfkeys package documentation for explanation.
Type  H <return>  for immediate help.
 ...                                              
                                                  
l.52 }
      
(That was another \errmessage.)


! Package pgfkeys Error: Choice 'ball' unknown in choice key '/tikz/shade'. I a
m going to ignore this key.

See the pgfkeys package documentation for explanation.
Type  H <return>  for immediate help.
 ...                                              
                                                  
l.52 }
      
(That was another \errmessage.)


! Package pgfkeys Error: Choice 'ball' unknown in choice key '/tikz/shade'. I a
m going to ignore this key.

See the pgfkeys package documentation for explanation.
Type  H <return>  for immediate help.
 ...                                              
                                                  
l.52 }
      
(That was another \errmessage.)


! Package pgfkeys Error: Choice 'ball' unknown in choice key '/tikz/shade'. I a
m going to ignore this key.

See the pgfkeys package documentation for explanation.
Type  H <return>  for immediate help.
 ...                                              
                                                  
l.52 }
      
(That was another \errmessage.)


! Package pgfkeys Error: Choice 'ball' unknown in choice key '/tikz/shade'. I a
m going to ignore this key.

See the pgfkeys package documentation for explanation.
Type  H <return>  for immediate help.
 ...                                              
                                                  
l.52 }
      
(That was another \errmessage.)


! Package pgfkeys Error: Choice 'ball' unknown in choice key '/tikz/shade'. I a
m going to ignore this key.

See the pgfkeys package documentation for explanation.
Type  H <return>  for immediate help.
 ...                                              
                                                  
l.52 }
      
(That was another \errmessage.)


! Package pgfkeys Error: Choice 'ball' unknown in choice key '/tikz/shade'. I a
m going to ignore this key.

See the pgfkeys package documentation for explanation.
Type  H <return>  for immediate help.
 ...                                              
                                                  
l.52 }
      
(That was another \errmessage.)


! Package pgfkeys Error: Choice 'ball' unknown in choice key '/tikz/shade'. I a
m going to ignore this key.

See the pgfkeys package documentation for explanation.
Type  H <return>  for immediate help.
 ...                                              
                                                  
l.52 }
      
(That was another \errmessage.)


! Package pgfkeys Error: Choice 'ball' unknown in choice key '/tikz/shade'. I a
m going to ignore this key.

See the pgfkeys package documentation for explanation.
Type  H <return>  for immediate help.
 ...                                              
                                                  
l.52 }
      
(That was another \errmessage.)

[11]

! Package pgfkeys Error: Choice 'ball' unknown in choice key '/tikz/shade'. I a
m going to ignore this key.

See the pgfkeys package documentation for explanation.
Type  H <return>  for immediate help.
 ...                                              
                                                  
l.52 }
      
(That was another \errmessage.)


! Package pgfkeys Error: Choice 'ball' unknown in choice key '/tikz/shade'. I a
m going to ignore this key.

See the pgfkeys package documentation for explanation.
Type  H <return>  for immediate help.
 ...                                              
                                                  
l.52 }
      
(That was another \errmessage.)


! Package pgfkeys Error: Choice 'ball' unknown in choice key '/tikz/shade'. I a
m going to ignore this key.

See the pgfkeys package documentation for explanation.
Type  H <return>  for immediate help.
 ...                                              
                                                  
l.52 }
      
(That was another \errmessage.)


! Package pgfkeys Error: Choice 'ball' unknown in choice key '/tikz/shade'. I a
m going to ignore this key.

See the pgfkeys package documentation for explanation.
Type  H <return>  for immediate help.
 ...                                              
                                                  
l.52 }
      
(That was another \errmessage.)


! Package pgfkeys Error: Choice 'ball' unknown in choice key '/tikz/shade'. I a
m going to ignore this key.

See the pgfkeys package documentation for explanation.
Type  H <return>  for immediate help.
 ...                                              
                                                  
l.52 }
      
(That was another \errmessage.)


! Package pgfkeys Error: Choice 'ball' unknown in choice key '/tikz/shade'. I a
m going to ignore this key.

See the pgfkeys package documentation for explanation.
Type  H <return>  for immediate help.
 ...                                              
                                                  
l.52 }
      
(That was another \errmessage.)


! Package pgfkeys Error: Choice 'ball' unknown in choice key '/tikz/shade'. I a
m going to ignore this key.

See the pgfkeys package documentation for explanation.
Type  H <return>  for immediate help.
 ...                                              
                                                  
l.52 }
      
(That was another \errmessage.)


! Package pgfkeys Error: Choice 'ball' unknown in choice key '/tikz/shade'. I a
m going to ignore this key.

See the pgfkeys package documentation for explanation.
Type  H <return>  for immediate help.
 ...                                              
                                                  
l.52 }
      
(That was another \errmessage.)


! Package pgfkeys Error: Choice 'ball' unknown in choice key '/tikz/shade'. I a
m going to ignore this key.

See the pgfkeys package documentation for explanation.
Type  H <return>  for immediate help.
 ...                                              
                                                  
l.52 }
      
(That was another \errmessage.)


! Package pgfkeys Error: Choice 'ball' unknown in choice key '/tikz/shade'. I a
m going to ignore this key.

See the pgfkeys package documentation for explanation.
Type  H <return>  for immediate help.
 ...                                              
                                                  
l.52 }
      
(That was another \errmessage.)


! Package pgfkeys Error: Choice 'ball' unknown in choice key '/tikz/shade'. I a
m going to ignore this key.

See the pgfkeys package documentation for explanation.
Type  H <return>  for immediate help.
 ...                                              
                                                  
l.52 }
      
(That was another \errmessage.)


! Package pgfkeys Error: Choice 'ball' unknown in choice key '/tikz/shade'. I a
m going to ignore this key.

See the pgfkeys package documentation for explanation.
Type  H <return>  for immediate help.
 ...                                              
                                                  
l.52 }
      
(That was another \errmessage.)


! Package pgfkeys Error: Choice 'ball' unknown in choice key '/tikz/shade'. I a
m going to ignore this key.

See the pgfkeys package documentation for explanation.
Type  H <return>  for immediate help.
 ...                                              
                                                  
l.52 }
      
(That was another \errmessage.)


! Package pgfkeys Error: Choice 'ball' unknown in choice key '/tikz/shade'. I a
m going to ignore this key.

See the pgfkeys package documentation for explanation.
Type  H <return>  for immediate help.
 ...                                              
                                                  
l.52 }
      
(That was another \errmessage.)


! Package pgfkeys Error: Choice 'ball' unknown in choice key '/tikz/shade'. I a
m going to ignore this key.

See the pgfkeys package documentation for explanation.
Type  H <return>  for immediate help.
 ...                                              
                                                  
l.52 }
      
(That was another \errmessage.)


! Package pgfkeys Error: Choice 'ball' unknown in choice key '/tikz/shade'. I a
m going to ignore this key.

See the pgfkeys package documentation for explanation.
Type  H <return>  for immediate help.
 ...                                              
                                                  
l.52 }
      
(That was another \errmessage.)


! Package pgfkeys Error: Choice 'ball' unknown in choice key '/tikz/shade'. I a
m going to ignore this key.

See the pgfkeys package documentation for explanation.
Type  H <return>  for immediate help.
 ...                                              
                                                  
l.52 }
      
(That was another \errmessage.)


! Package pgfkeys Error: Choice 'ball' unknown in choice key '/tikz/shade'. I a
m going to ignore this key.

See the pgfkeys package documentation for explanation.
Type  H <return>  for immediate help.
 ...                                              
                                                  
l.52 }
      
(That was another \errmessage.)

[12] (atom.aux) ) 
Here is how much of TeX's memory you used:
 12622 strings out of 493333
 263072 string characters out of 3139197
 303595 words of memory out of 3000000
 15928 multiletter control sequences out of 15000+200000
 3808 words of font info for 15 fonts, out of 3000000 for 9000
 1141 hyphenation exceptions out of 8191
 62i,7n,65p,418b,1083s stack positions out of 5000i,500n,10000p,200000b,50000s
<C:/Program Files/MiKTeX 2.9/fonts/type1/public/amsfonts/cm/cm
tt10.pfb>
Output written on atom.pdf (12 pages, 58203 bytes).
PDF statistics:
 54 PDF objects out of 1000 (max. 8388607)
 0 named destinations out of 1000 (max. 500000)
 31 words of extra memory for PDF output out of 10000 (max. 10000000)

