This is pdfTeX, Version 3.14159265-2.6-1.40.17 (MiKTeX 2.9.6210 64-bit) (preloaded format=pdflatex 2017.1.29)  1 JUL 2019 14:32
entering extended mode
**./hvarfkvoti.tex
(hvarfkvoti.tex
LaTeX2e <2016/03/31> patch level 3
Babel <3.9r> and hyphenation patterns for 75 language(s) loaded.
("C:\Program Files\MiKTeX 2.9\tex\latex\standalone\standalone.cls"
Document Class: standalone 2018/03/26 v1.3a Class to compile TeX sub-files stan
dalone
("C:\Program Files\MiKTeX 2.9\tex\latex\tools\shellesc.sty"
Package: shellesc 2016/06/07 v0.02a unified shell escape interface for LaTeX
Package shellesc Info: Restricted shell escape enabled on input line 69.
)
("C:\Program Files\MiKTeX 2.9\tex\generic\oberdiek\ifluatex.sty"
Package: ifluatex 2016/05/16 v1.4 Provides the ifluatex switch (HO)
Package ifluatex Info: LuaTeX not detected.
)
("C:\Program Files\MiKTeX 2.9\tex\generic\oberdiek\ifpdf.sty"
Package: ifpdf 2016/05/14 v3.1 Provides the ifpdf switch
)
("C:\Program Files\MiKTeX 2.9\tex\generic\ifxetex\ifxetex.sty"
Package: ifxetex 2010/09/12 v0.6 Provides ifxetex conditional
)
("C:\Program Files\MiKTeX 2.9\tex\latex\xkeyval\xkeyval.sty"
Package: xkeyval 2014/12/03 v2.7a package option processing (HA)

("C:\Program Files\MiKTeX 2.9\tex\generic\xkeyval\xkeyval.tex"
("C:\Program Files\MiKTeX 2.9\tex\generic\xkeyval\xkvutils.tex"
\XKV@toks=\toks14
\XKV@tempa@toks=\toks15

("C:\Program Files\MiKTeX 2.9\tex\generic\xkeyval\keyval.tex"))
\XKV@depth=\count79
File: xkeyval.tex 2014/12/03 v2.7a key=value parser (HA)
))
\sa@internal=\count80
\c@sapage=\count81

("C:\Program Files\MiKTeX 2.9\tex\latex\standalone\standalone.cfg"
File: standalone.cfg 2018/03/26 v1.3a Default configuration file for 'standalon
e' class
)
("C:\Program Files\MiKTeX 2.9\tex\latex\base\article.cls"
Document Class: article 2014/09/29 v1.4h Standard LaTeX document class
("C:\Program Files\MiKTeX 2.9\tex\latex\base\size10.clo"
File: size10.clo 2014/09/29 v1.4h Standard LaTeX file (size option)
)
\c@part=\count82
\c@section=\count83
\c@subsection=\count84
\c@subsubsection=\count85
\c@paragraph=\count86
\c@subparagraph=\count87
\c@figure=\count88
\c@table=\count89
\abovecaptionskip=\skip41
\belowcaptionskip=\skip42
\bibindent=\dimen102
)
("C:\Program Files\MiKTeX 2.9\tex\latex\pgf\frontendlayer\tikz.sty"
("C:\Program Files\MiKTeX 2.9\tex\latex\pgf\basiclayer\pgf.sty"
("C:\Program Files\MiKTeX 2.9\tex\latex\pgf\utilities\pgfrcs.sty"
("C:\Program Files\MiKTeX 2.9\tex\generic\pgf\utilities\pgfutil-common.tex"
\pgfutil@everybye=\toks16
\pgfutil@tempdima=\dimen103
\pgfutil@tempdimb=\dimen104

("C:\Program Files\MiKTeX 2.9\tex\generic\pgf\utilities\pgfutil-common-lists.te
x")) ("C:\Program Files\MiKTeX 2.9\tex\generic\pgf\utilities\pgfutil-latex.def"
\pgfutil@abb=\box26
("C:\Program Files\MiKTeX 2.9\tex\latex\ms\everyshi.sty"
Package: everyshi 2001/05/15 v3.00 EveryShipout Package (MS)
))
("C:\Program Files\MiKTeX 2.9\tex\generic\pgf\utilities\pgfrcs.code.tex"
Package: pgfrcs 2015/08/07 v3.0.1a (rcs-revision 1.31)
))
Package: pgf 2015/08/07 v3.0.1a (rcs-revision 1.15)

("C:\Program Files\MiKTeX 2.9\tex\latex\pgf\basiclayer\pgfcore.sty"
("C:\Program Files\MiKTeX 2.9\tex\latex\graphics\graphicx.sty"
Package: graphicx 2014/10/28 v1.0g Enhanced LaTeX Graphics (DPC,SPQR)

("C:\Program Files\MiKTeX 2.9\tex\latex\graphics\graphics.sty"
Package: graphics 2016/07/10 v1.0t Standard LaTeX Graphics (DPC,SPQR)

("C:\Program Files\MiKTeX 2.9\tex\latex\graphics\trig.sty"
Package: trig 2016/01/03 v1.10 sin cos tan (DPC)
)
("C:\Program Files\MiKTeX 2.9\tex\latex\graphics-cfg\graphics.cfg"
File: graphics.cfg 2016/06/04 v1.11 sample graphics configuration
)
Package graphics Info: Driver file: pdftex.def on input line 99.

("C:\Program Files\MiKTeX 2.9\tex\latex\graphics-def\pdftex.def"
File: pdftex.def 2016/07/10 v0.06j Graphics/color for pdfTeX

("C:\Program Files\MiKTeX 2.9\tex\generic\oberdiek\infwarerr.sty"
Package: infwarerr 2016/05/16 v1.4 Providing info/warning/error messages (HO)
)
("C:\Program Files\MiKTeX 2.9\tex\generic\oberdiek\ltxcmds.sty"
Package: ltxcmds 2016/05/16 v1.23 LaTeX kernel commands for general use (HO)
)
\Gread@gobject=\count90
))
\Gin@req@height=\dimen105
\Gin@req@width=\dimen106
)
("C:\Program Files\MiKTeX 2.9\tex\latex\pgf\systemlayer\pgfsys.sty"
("C:\Program Files\MiKTeX 2.9\tex\generic\pgf\systemlayer\pgfsys.code.tex"
Package: pgfsys 2014/07/09 v3.0.1a (rcs-revision 1.48)

("C:\Program Files\MiKTeX 2.9\tex\generic\pgf\utilities\pgfkeys.code.tex"
\pgfkeys@pathtoks=\toks17
\pgfkeys@temptoks=\toks18

("C:\Program Files\MiKTeX 2.9\tex\generic\pgf\utilities\pgfkeysfiltered.code.te
x"
\pgfkeys@tmptoks=\toks19
))
\pgf@x=\dimen107
\pgf@y=\dimen108
\pgf@xa=\dimen109
\pgf@ya=\dimen110
\pgf@xb=\dimen111
\pgf@yb=\dimen112
\pgf@xc=\dimen113
\pgf@yc=\dimen114
\w@pgf@writea=\write3
\r@pgf@reada=\read1
\c@pgf@counta=\count91
\c@pgf@countb=\count92
\c@pgf@countc=\count93
\c@pgf@countd=\count94
\t@pgf@toka=\toks20
\t@pgf@tokb=\toks21
\t@pgf@tokc=\toks22
 ("C:\Program Files\MiKTeX 2.9\tex\generic\pgf\systemlayer\pgf.cfg"
File: pgf.cfg 2008/05/14  (rcs-revision 1.7)
)
Driver file for pgf: pgfsys-pdftex.def

("C:\Program Files\MiKTeX 2.9\tex\generic\pgf\systemlayer\pgfsys-pdftex.def"
File: pgfsys-pdftex.def 2014/10/11  (rcs-revision 1.35)

("C:\Program Files\MiKTeX 2.9\tex\generic\pgf\systemlayer\pgfsys-common-pdf.def
"
File: pgfsys-common-pdf.def 2013/10/10  (rcs-revision 1.13)
)))
("C:\Program Files\MiKTeX 2.9\tex\generic\pgf\systemlayer\pgfsyssoftpath.code.t
ex"
File: pgfsyssoftpath.code.tex 2013/09/09  (rcs-revision 1.9)
\pgfsyssoftpath@smallbuffer@items=\count95
\pgfsyssoftpath@bigbuffer@items=\count96
)
("C:\Program Files\MiKTeX 2.9\tex\generic\pgf\systemlayer\pgfsysprotocol.code.t
ex"
File: pgfsysprotocol.code.tex 2006/10/16  (rcs-revision 1.4)
)) ("C:\Program Files\MiKTeX 2.9\tex\latex\xcolor\xcolor.sty"
Package: xcolor 2016/05/11 v2.12 LaTeX color extensions (UK)

("C:\Program Files\MiKTeX 2.9\tex\latex\graphics-cfg\color.cfg"
File: color.cfg 2016/01/02 v1.6 sample color configuration
)
Package xcolor Info: Driver file: pdftex.def on input line 225.
Package xcolor Info: Model `cmy' substituted by `cmy0' on input line 1348.
Package xcolor Info: Model `hsb' substituted by `rgb' on input line 1352.
Package xcolor Info: Model `RGB' extended on input line 1364.
Package xcolor Info: Model `HTML' substituted by `rgb' on input line 1366.
Package xcolor Info: Model `Hsb' substituted by `hsb' on input line 1367.
Package xcolor Info: Model `tHsb' substituted by `hsb' on input line 1368.
Package xcolor Info: Model `HSB' substituted by `hsb' on input line 1369.
Package xcolor Info: Model `Gray' substituted by `gray' on input line 1370.
Package xcolor Info: Model `wave' substituted by `hsb' on input line 1371.
)
("C:\Program Files\MiKTeX 2.9\tex\generic\pgf\basiclayer\pgfcore.code.tex"
Package: pgfcore 2010/04/11 v3.0.1a (rcs-revision 1.7)

("C:\Program Files\MiKTeX 2.9\tex\generic\pgf\math\pgfmath.code.tex"
("C:\Program Files\MiKTeX 2.9\tex\generic\pgf\math\pgfmathcalc.code.tex"
("C:\Program Files\MiKTeX 2.9\tex\generic\pgf\math\pgfmathutil.code.tex")
("C:\Program Files\MiKTeX 2.9\tex\generic\pgf\math\pgfmathparser.code.tex"
\pgfmath@dimen=\dimen115
\pgfmath@count=\count97
\pgfmath@box=\box27
\pgfmath@toks=\toks23
\pgfmath@stack@operand=\toks24
\pgfmath@stack@operation=\toks25
)
("C:\Program Files\MiKTeX 2.9\tex\generic\pgf\math\pgfmathfunctions.code.tex"
("C:\Program Files\MiKTeX 2.9\tex\generic\pgf\math\pgfmathfunctions.basic.code.
tex")
("C:\Program Files\MiKTeX 2.9\tex\generic\pgf\math\pgfmathfunctions.trigonometr
ic.code.tex")
("C:\Program Files\MiKTeX 2.9\tex\generic\pgf\math\pgfmathfunctions.random.code
.tex")
("C:\Program Files\MiKTeX 2.9\tex\generic\pgf\math\pgfmathfunctions.comparison.
code.tex")
("C:\Program Files\MiKTeX 2.9\tex\generic\pgf\math\pgfmathfunctions.base.code.t
ex")
("C:\Program Files\MiKTeX 2.9\tex\generic\pgf\math\pgfmathfunctions.round.code.
tex")
("C:\Program Files\MiKTeX 2.9\tex\generic\pgf\math\pgfmathfunctions.misc.code.t
ex")
("C:\Program Files\MiKTeX 2.9\tex\generic\pgf\math\pgfmathfunctions.integerarit
hmetics.code.tex")))
("C:\Program Files\MiKTeX 2.9\tex\generic\pgf\math\pgfmathfloat.code.tex"
\c@pgfmathroundto@lastzeros=\count98
))
("C:\Program Files\MiKTeX 2.9\tex\generic\pgf\basiclayer\pgfcorepoints.code.tex
"
File: pgfcorepoints.code.tex 2013/10/07  (rcs-revision 1.27)
\pgf@picminx=\dimen116
\pgf@picmaxx=\dimen117
\pgf@picminy=\dimen118
\pgf@picmaxy=\dimen119
\pgf@pathminx=\dimen120
\pgf@pathmaxx=\dimen121
\pgf@pathminy=\dimen122
\pgf@pathmaxy=\dimen123
\pgf@xx=\dimen124
\pgf@xy=\dimen125
\pgf@yx=\dimen126
\pgf@yy=\dimen127
\pgf@zx=\dimen128
\pgf@zy=\dimen129
)
("C:\Program Files\MiKTeX 2.9\tex\generic\pgf\basiclayer\pgfcorepathconstruct.c
ode.tex"
File: pgfcorepathconstruct.code.tex 2013/10/07  (rcs-revision 1.29)
\pgf@path@lastx=\dimen130
\pgf@path@lasty=\dimen131
)
("C:\Program Files\MiKTeX 2.9\tex\generic\pgf\basiclayer\pgfcorepathusage.code.
tex"
File: pgfcorepathusage.code.tex 2014/11/02  (rcs-revision 1.24)
\pgf@shorten@end@additional=\dimen132
\pgf@shorten@start@additional=\dimen133
)
("C:\Program Files\MiKTeX 2.9\tex\generic\pgf\basiclayer\pgfcorescopes.code.tex
"
File: pgfcorescopes.code.tex 2015/05/08  (rcs-revision 1.46)
\pgfpic=\box28
\pgf@hbox=\box29
\pgf@layerbox@main=\box30
\pgf@picture@serial@count=\count99
)
("C:\Program Files\MiKTeX 2.9\tex\generic\pgf\basiclayer\pgfcoregraphicstate.co
de.tex"
File: pgfcoregraphicstate.code.tex 2014/11/02  (rcs-revision 1.12)
\pgflinewidth=\dimen134
)
("C:\Program Files\MiKTeX 2.9\tex\generic\pgf\basiclayer\pgfcoretransformations
.code.tex"
File: pgfcoretransformations.code.tex 2015/08/07  (rcs-revision 1.20)
\pgf@pt@x=\dimen135
\pgf@pt@y=\dimen136
\pgf@pt@temp=\dimen137
)
("C:\Program Files\MiKTeX 2.9\tex\generic\pgf\basiclayer\pgfcorequick.code.tex"
File: pgfcorequick.code.tex 2008/10/09  (rcs-revision 1.3)
)
("C:\Program Files\MiKTeX 2.9\tex\generic\pgf\basiclayer\pgfcoreobjects.code.te
x"
File: pgfcoreobjects.code.tex 2006/10/11  (rcs-revision 1.2)
)
("C:\Program Files\MiKTeX 2.9\tex\generic\pgf\basiclayer\pgfcorepathprocessing.
code.tex"
File: pgfcorepathprocessing.code.tex 2013/09/09  (rcs-revision 1.9)
)
("C:\Program Files\MiKTeX 2.9\tex\generic\pgf\basiclayer\pgfcorearrows.code.tex
"
File: pgfcorearrows.code.tex 2015/05/14  (rcs-revision 1.43)
\pgfarrowsep=\dimen138
)
("C:\Program Files\MiKTeX 2.9\tex\generic\pgf\basiclayer\pgfcoreshade.code.tex"
File: pgfcoreshade.code.tex 2013/07/15  (rcs-revision 1.15)
\pgf@max=\dimen139
\pgf@sys@shading@range@num=\count100
) ("C:\Program Files\MiKTeX 2.9\tex\generic\pgf\basiclayer\pgfcoreimage.code.te
x"
File: pgfcoreimage.code.tex 2013/07/15  (rcs-revision 1.18)

("C:\Program Files\MiKTeX 2.9\tex\generic\pgf\basiclayer\pgfcoreexternal.code.t
ex"
File: pgfcoreexternal.code.tex 2014/07/09  (rcs-revision 1.21)
\pgfexternal@startupbox=\box31
))
("C:\Program Files\MiKTeX 2.9\tex\generic\pgf\basiclayer\pgfcorelayers.code.tex
"
File: pgfcorelayers.code.tex 2013/07/18  (rcs-revision 1.7)
)
("C:\Program Files\MiKTeX 2.9\tex\generic\pgf\basiclayer\pgfcoretransparency.co
de.tex"
File: pgfcoretransparency.code.tex 2013/09/30  (rcs-revision 1.5)
)
("C:\Program Files\MiKTeX 2.9\tex\generic\pgf\basiclayer\pgfcorepatterns.code.t
ex"
File: pgfcorepatterns.code.tex 2013/11/07  (rcs-revision 1.5)
)))
("C:\Program Files\MiKTeX 2.9\tex\generic\pgf\modules\pgfmoduleshapes.code.tex"
File: pgfmoduleshapes.code.tex 2014/03/21  (rcs-revision 1.35)
\pgfnodeparttextbox=\box32
) ("C:\Program Files\MiKTeX 2.9\tex\generic\pgf\modules\pgfmoduleplot.code.tex"
File: pgfmoduleplot.code.tex 2015/08/03  (rcs-revision 1.13)
)
("C:\Program Files\MiKTeX 2.9\tex\latex\pgf\compatibility\pgfcomp-version-0-65.
sty"
Package: pgfcomp-version-0-65 2007/07/03 v3.0.1a (rcs-revision 1.7)
\pgf@nodesepstart=\dimen140
\pgf@nodesepend=\dimen141
)
("C:\Program Files\MiKTeX 2.9\tex\latex\pgf\compatibility\pgfcomp-version-1-18.
sty"
Package: pgfcomp-version-1-18 2007/07/23 v3.0.1a (rcs-revision 1.1)
)) ("C:\Program Files\MiKTeX 2.9\tex\latex\pgf\utilities\pgffor.sty"
("C:\Program Files\MiKTeX 2.9\tex\latex\pgf\utilities\pgfkeys.sty"
("C:\Program Files\MiKTeX 2.9\tex\generic\pgf\utilities\pgfkeys.code.tex"))
("C:\Program Files\MiKTeX 2.9\tex\latex\pgf\math\pgfmath.sty"
("C:\Program Files\MiKTeX 2.9\tex\generic\pgf\math\pgfmath.code.tex"))
("C:\Program Files\MiKTeX 2.9\tex\generic\pgf\utilities\pgffor.code.tex"
Package: pgffor 2013/12/13 v3.0.1a (rcs-revision 1.25)

("C:\Program Files\MiKTeX 2.9\tex\generic\pgf\math\pgfmath.code.tex")
\pgffor@iter=\dimen142
\pgffor@skip=\dimen143
\pgffor@stack=\toks26
\pgffor@toks=\toks27
))
("C:\Program Files\MiKTeX 2.9\tex\generic\pgf\frontendlayer\tikz\tikz.code.tex"
Package: tikz 2015/08/07 v3.0.1a (rcs-revision 1.151)

("C:\Program Files\MiKTeX 2.9\tex\generic\pgf\libraries\pgflibraryplothandlers.
code.tex"
File: pgflibraryplothandlers.code.tex 2013/08/31 v3.0.1a (rcs-revision 1.20)
\pgf@plot@mark@count=\count101
\pgfplotmarksize=\dimen144
)
\tikz@lastx=\dimen145
\tikz@lasty=\dimen146
\tikz@lastxsaved=\dimen147
\tikz@lastysaved=\dimen148
\tikzleveldistance=\dimen149
\tikzsiblingdistance=\dimen150
\tikz@figbox=\box33
\tikz@figbox@bg=\box34
\tikz@tempbox=\box35
\tikz@tempbox@bg=\box36
\tikztreelevel=\count102
\tikznumberofchildren=\count103
\tikznumberofcurrentchild=\count104
\tikz@fig@count=\count105

("C:\Program Files\MiKTeX 2.9\tex\generic\pgf\modules\pgfmodulematrix.code.tex"
File: pgfmodulematrix.code.tex 2013/09/17  (rcs-revision 1.8)
\pgfmatrixcurrentrow=\count106
\pgfmatrixcurrentcolumn=\count107
\pgf@matrix@numberofcolumns=\count108
)
\tikz@expandcount=\count109

("C:\Program Files\MiKTeX 2.9\tex\generic\pgf\frontendlayer\tikz\libraries\tikz
librarytopaths.code.tex"
File: tikzlibrarytopaths.code.tex 2008/06/17 v3.0.1a (rcs-revision 1.2)
)))
\sa@box=\box37
)
("C:\Program Files\MiKTeX 2.9\tex\latex\geometry\geometry.sty"
Package: geometry 2010/09/12 v5.6 Page Geometry

("C:\Program Files\MiKTeX 2.9\tex\generic\oberdiek\ifvtex.sty"
Package: ifvtex 2016/05/16 v1.6 Detect VTeX and its facilities (HO)
Package ifvtex Info: VTeX not detected.
)
\Gm@cnth=\count110
\Gm@cntv=\count111
\c@Gm@tempcnt=\count112
\Gm@bindingoffset=\dimen151
\Gm@wd@mp=\dimen152
\Gm@odd@mp=\dimen153
\Gm@even@mp=\dimen154
\Gm@layoutwidth=\dimen155
\Gm@layoutheight=\dimen156
\Gm@layouthoffset=\dimen157
\Gm@layoutvoffset=\dimen158
\Gm@dimlist=\toks28

("C:\Program Files\MiKTeX 2.9\tex\latex\geometry\geometry.cfg"))
("C:\Program Files\MiKTeX 2.9\tex\latex\cool\cool.sty"
Package: cool 2006/12/29 v1.35 COntent Oriented LaTeX

("C:\Program Files\MiKTeX 2.9\tex\latex\base\ifthen.sty"
Package: ifthen 2014/09/29 v1.1c Standard LaTeX ifthen package (DPC)
)
("C:\Program Files\MiKTeX 2.9\tex\latex\coollist\coollist.sty"
Package: coollist 2009/09/20 v1.4 COntent Oriented LaTeX Lists

("C:\Program Files\MiKTeX 2.9\tex\latex\amsmath\amsmath.sty"
Package: amsmath 2016/06/28 v2.15d AMS math features
\@mathmargin=\skip43

For additional information on amsmath, use the `?' option.
("C:\Program Files\MiKTeX 2.9\tex\latex\amsmath\amstext.sty"
Package: amstext 2000/06/29 v2.01 AMS text

("C:\Program Files\MiKTeX 2.9\tex\latex\amsmath\amsgen.sty"
File: amsgen.sty 1999/11/30 v2.0 generic functions
\@emptytoks=\toks29
\ex@=\dimen159
))
("C:\Program Files\MiKTeX 2.9\tex\latex\amsmath\amsbsy.sty"
Package: amsbsy 1999/11/29 v1.2d Bold Symbols
\pmbraise@=\dimen160
)
("C:\Program Files\MiKTeX 2.9\tex\latex\amsmath\amsopn.sty"
Package: amsopn 2016/03/08 v2.02 operator names
)
\inf@bad=\count113
LaTeX Info: Redefining \frac on input line 199.
\uproot@=\count114
\leftroot@=\count115
LaTeX Info: Redefining \overline on input line 297.
\classnum@=\count116
\DOTSCASE@=\count117
LaTeX Info: Redefining \ldots on input line 394.
LaTeX Info: Redefining \dots on input line 397.
LaTeX Info: Redefining \cdots on input line 518.
\Mathstrutbox@=\box38
\strutbox@=\box39
\big@size=\dimen161
LaTeX Font Info:    Redeclaring font encoding OML on input line 634.
LaTeX Font Info:    Redeclaring font encoding OMS on input line 635.
\macc@depth=\count118
\c@MaxMatrixCols=\count119
\dotsspace@=\muskip10
\c@parentequation=\count120
\dspbrk@lvl=\count121
\tag@help=\toks30
\row@=\count122
\column@=\count123
\maxfields@=\count124
\andhelp@=\toks31
\eqnshift@=\dimen162
\alignsep@=\dimen163
\tagshift@=\dimen164
\tagwidth@=\dimen165
\totwidth@=\dimen166
\lineht@=\dimen167
\@envbody=\toks32
\multlinegap=\skip44
\multlinetaggap=\skip45
\mathdisplay@stack=\toks33
LaTeX Info: Redefining \[ on input line 2739.
LaTeX Info: Redefining \] on input line 2740.
)
("C:\Program Files\MiKTeX 2.9\tex\latex\amsfonts\amssymb.sty"
Package: amssymb 2013/01/14 v3.01 AMS font symbols

("C:\Program Files\MiKTeX 2.9\tex\latex\amsfonts\amsfonts.sty"
Package: amsfonts 2013/01/14 v3.01 Basic AMSFonts support
\symAMSa=\mathgroup4
\symAMSb=\mathgroup5
LaTeX Font Info:    Overwriting math alphabet `\mathfrak' in version `bold'
(Font)                  U/euf/m/n --> U/euf/b/n on input line 106.
))
("C:\Program Files\MiKTeX 2.9\tex\latex\coolstr\coolstr.sty"
Package: coolstr 2009/09/09 v2.2 COntent Oriented LaTeX Strings
\c@COOL@strlen=\count125
\c@COOL@strpointer=\count126
\c@COOL@str@index=\count127
\c@COOL@str@start=\count128
\c@COOL@str@end=\count129
)
("C:\Program Files\MiKTeX 2.9\tex\latex\forloop\forloop.sty"
Package: forloop 2006/09/18 v3.0 For Loops for LaTeX
)
\c@COOL@listlen=\count130
\c@COOL@listpointer=\count131
\c@COOL@intsum=\count132
\c@COOL@register@ct=\count133
\c@COOL@register@len=\count134
)
("C:\Program Files\MiKTeX 2.9\tex\latex\bbm\bbm.sty"
Package: bbm 1999/03/15 V 1.2 provides fonts for set symbols - TH
LaTeX Font Info:    Overwriting math alphabet `\mathbbm' in version `bold'
(Font)                  U/bbm/m/n --> U/bbm/bx/n on input line 33.
LaTeX Font Info:    Overwriting math alphabet `\mathbbmss' in version `bold'
(Font)                  U/bbmss/m/n --> U/bbmss/bx/n on input line 35.
)
\c@COOL@ct=\count135
\c@COOL@ct@=\count136
\c@COOL@multideriv=\count137
\c@COOL@row=\count138
\c@COOL@col=\count139
)
("C:\Program Files\MiKTeX 2.9\tex\latex\siunitx\siunitx.sty"
("C:\Program Files\MiKTeX 2.9\tex\latex\l3kernel\expl3.sty"
Package: expl3 2017/07/19 L3 programming layer (loader) 

("C:\Program Files\MiKTeX 2.9\tex\latex\l3kernel\expl3-code.tex"
Package: expl3 2017/07/19 L3 programming layer (code)
\c_max_int=\count140
\l_tmpa_int=\count141
\l_tmpb_int=\count142
\g_tmpa_int=\count143
\g_tmpb_int=\count144
\g__intarray_font_int=\count145
\g__prg_map_int=\count146
\c_log_iow=\count147
\l_iow_line_count_int=\count148
\l__iow_line_target_int=\count149
\l__iow_one_indent_int=\count150
\l__iow_indent_int=\count151
\c_zero_dim=\dimen168
\c_max_dim=\dimen169
\l_tmpa_dim=\dimen170
\l_tmpb_dim=\dimen171
\g_tmpa_dim=\dimen172
\g_tmpb_dim=\dimen173
\c_zero_skip=\skip46
\c_max_skip=\skip47
\l_tmpa_skip=\skip48
\l_tmpb_skip=\skip49
\g_tmpa_skip=\skip50
\g_tmpb_skip=\skip51
\c_zero_muskip=\muskip11
\c_max_muskip=\muskip12
\l_tmpa_muskip=\muskip13
\l_tmpb_muskip=\muskip14
\g_tmpa_muskip=\muskip15
\g_tmpb_muskip=\muskip16
\l_keys_choice_int=\count152
\c__fp_leading_shift_int=\count153
\c__fp_middle_shift_int=\count154
\c__fp_trailing_shift_int=\count155
\c__fp_big_leading_shift_int=\count156
\c__fp_big_middle_shift_int=\count157
\c__fp_big_trailing_shift_int=\count158
\c__fp_Bigg_leading_shift_int=\count159
\c__fp_Bigg_middle_shift_int=\count160
\c__fp_Bigg_trailing_shift_int=\count161
\c__fp_rand_size_int=\count162
\c__fp_rand_four_int=\count163
\c__fp_rand_eight_int=\count164
\l__sort_length_int=\count165
\l__sort_min_int=\count166
\l__sort_top_int=\count167
\l__sort_max_int=\count168
\l__sort_true_max_int=\count169
\l__sort_block_int=\count170
\l__sort_begin_int=\count171
\l__sort_end_int=\count172
\l__sort_A_int=\count173
\l__sort_B_int=\count174
\l__sort_C_int=\count175
\l__tl_build_start_index_int=\count176
\l__tl_build_index_int=\count177
\l__tl_analysis_normal_int=\count178
\l__tl_analysis_index_int=\count179
\l__tl_analysis_nesting_int=\count180
\l__tl_analysis_type_int=\count181
\l__regex_internal_a_int=\count182
\l__regex_internal_b_int=\count183
\l__regex_internal_c_int=\count184
\l__regex_balance_int=\count185
\l__regex_group_level_int=\count186
\l__regex_mode_int=\count187
\c__regex_cs_in_class_mode_int=\count188
\c__regex_cs_mode_int=\count189
\l__regex_catcodes_int=\count190
\l__regex_default_catcodes_int=\count191
\c__regex_catcode_D_int=\count192
\c__regex_catcode_S_int=\count193
\c__regex_catcode_L_int=\count194
\c__regex_catcode_O_int=\count195
\c__regex_catcode_A_int=\count196
\c__regex_all_catcodes_int=\count197
\l__regex_show_lines_int=\count198
\l__regex_min_state_int=\count199
\l__regex_max_state_int=\count266
\l__regex_left_state_int=\count267
\l__regex_right_state_int=\count268
\l__regex_capturing_group_int=\count269
\l__regex_min_pos_int=\count270
\l__regex_max_pos_int=\count271
\l__regex_curr_pos_int=\count272
\l__regex_start_pos_int=\count273
\l__regex_success_pos_int=\count274
\l__regex_curr_char_int=\count275
\l__regex_curr_catcode_int=\count276
\l__regex_last_char_int=\count277
\l__regex_case_changed_char_int=\count278
\l__regex_curr_state_int=\count279
\l__regex_step_int=\count280
\l__regex_min_active_int=\count281
\l__regex_max_active_int=\count282
\l__regex_replacement_csnames_int=\count283
\l__regex_match_count_int=\count284
\l__regex_min_submatch_int=\count285
\l__regex_submatch_int=\count286
\l__regex_zeroth_submatch_int=\count287
\g__debug_trace_regex_int=\count288
\c_empty_box=\box40
\l_tmpa_box=\box41
\l_tmpb_box=\box42
\g_tmpa_box=\box43
\g_tmpb_box=\box44
\l__box_top_dim=\dimen174
\l__box_bottom_dim=\dimen175
\l__box_left_dim=\dimen176
\l__box_right_dim=\dimen177
\l__box_top_new_dim=\dimen178
\l__box_bottom_new_dim=\dimen179
\l__box_left_new_dim=\dimen180
\l__box_right_new_dim=\dimen181
\l__box_internal_box=\box45
\l__coffin_internal_box=\box46
\l__coffin_internal_dim=\dimen182
\l__coffin_offset_x_dim=\dimen183
\l__coffin_offset_y_dim=\dimen184
\l__coffin_x_dim=\dimen185
\l__coffin_y_dim=\dimen186
\l__coffin_x_prime_dim=\dimen187
\l__coffin_y_prime_dim=\dimen188
\c_empty_coffin=\box47
\l__coffin_aligned_coffin=\box48
\l__coffin_aligned_internal_coffin=\box49
\l_tmpa_coffin=\box50
\l_tmpb_coffin=\box51
\l__coffin_display_coffin=\box52
\l__coffin_display_coord_coffin=\box53
\l__coffin_display_pole_coffin=\box54
\l__coffin_display_offset_dim=\dimen189
\l__coffin_display_x_dim=\dimen190
\l__coffin_display_y_dim=\dimen191
\l__coffin_bounding_shift_dim=\dimen192
\l__coffin_left_corner_dim=\dimen193
\l__coffin_right_corner_dim=\dimen194
\l__coffin_bottom_corner_dim=\dimen195
\l__coffin_top_corner_dim=\dimen196
\l__coffin_scaled_total_height_dim=\dimen197
\l__coffin_scaled_width_dim=\dimen198
)
("C:\Program Files\MiKTeX 2.9\tex\latex\l3kernel\l3pdfmode.def"
File: l3pdfmode.def 2017/03/18 v L3 Experimental driver: PDF mode
\l__driver_color_stack_int=\count289
\l__driver_tmp_box=\box55
))
("C:\Program Files\MiKTeX 2.9\tex\latex\l3packages\xparse\xparse.sty"
Package: xparse 2017/07/19 L3 Experimental document command parser
\l__xparse_current_arg_int=\count290
\g__xparse_grabber_int=\count291
\l__xparse_m_args_int=\count292
\l__xparse_mandatory_args_int=\count293
\l__xparse_v_nesting_int=\count294
)
Package: siunitx 2017/08/02 v2.7j A comprehensive (SI) units package

("C:\Program Files\MiKTeX 2.9\tex\latex\tools\array.sty"
Package: array 2014/10/28 v2.4c Tabular extension package (FMi)
\col@sep=\dimen199
\extrarowheight=\dimen256
\NC@list=\toks34
\extratabsurround=\skip52
\backup@length=\skip53
)
("C:\Program Files\MiKTeX 2.9\tex\latex\l3packages\l3keys2e\l3keys2e.sty"
Package: l3keys2e 2017/07/19 LaTeX2e option processing using LaTeX3 keys
)
\l__siunitx_tmp_box=\box56
\l__siunitx_tmp_dim=\dimen257
\l__siunitx_tmp_int=\count295
\l__siunitx_number_mantissa_length_int=\count296
\l__siunitx_number_uncert_length_int=\count297
\l__siunitx_round_int=\count298
\l__siunitx_process_decimal_int=\count299
\l__siunitx_process_uncertainty_int=\count300
\l__siunitx_process_fixed_int=\count301
\l__siunitx_process_integer_min_int=\count302
\l__siunitx_process_precision_int=\count303
\l__siunitx_group_min_int=\count304
\l__siunitx_angle_marker_box=\box57
\l__siunitx_angle_unit_box=\box58
\l__siunitx_angle_marker_dim=\dimen258
\l__siunitx_angle_unit_dim=\dimen259
\l__siunitx_unit_int=\count305
\l__siunitx_unit_denominator_int=\count306
\l__siunitx_unit_numerator_int=\count307
\l__siunitx_unit_prefix_int=\count308
\l__siunitx_unit_prefix_base_int=\count309
\l__siunitx_unit_prefix_gram_int=\count310
\l__siunitx_number_product_int=\count311
\c__siunitx_one_fill_skip=\skip54
\l__siunitx_table_unit_align_skip=\skip55
\l__siunitx_table_exponent_dim=\dimen260
\l__siunitx_table_integer_dim=\dimen261
\l__siunitx_table_mantissa_dim=\dimen262
\l__siunitx_table_marker_dim=\dimen263
\l__siunitx_table_result_dim=\dimen264
\l__siunitx_table_uncert_dim=\dimen265
\l__siunitx_table_fill_pre_dim=\dimen266
\l__siunitx_table_fill_post_dim=\dimen267
\l__siunitx_table_fill_mid_dim=\dimen268
\l__siunitx_table_pre_box=\box59
\l__siunitx_table_post_box=\box60
\l__siunitx_table_mantissa_box=\box61
\l__siunitx_table_result_box=\box62
\l__siunitx_table_number_align_skip=\skip56
\l__siunitx_table_text_align_skip=\skip57
.................................................
. LaTeX info: "xparse/define-command"
. 
. Defining command \DeclareBinaryPrefix with sig. 'mmm' on line 7247.
.................................................
.................................................
. LaTeX info: "xparse/define-command"
. 
. Defining command \DeclareSIPostPower with sig. 'mm' on line 7250.
.................................................
.................................................
. LaTeX info: "xparse/define-command"
. 
. Defining command \DeclareSIPrefix with sig. 'mmm' on line 7253.
.................................................
.................................................
. LaTeX info: "xparse/define-command"
. 
. Defining command \DeclareSIPrePower with sig. 'mm' on line 7256.
.................................................
.................................................
. LaTeX info: "xparse/define-command"
. 
. Defining command \DeclareSIQualifier with sig. 'mm' on line 7259.
.................................................
.................................................
. LaTeX info: "xparse/define-command"
. 
. Defining command \DeclareSIUnit with sig. 'O{}mm' on line 7262.
.................................................
.................................................
. LaTeX info: "xparse/define-command"
. 
. Defining command \DeclareSIUnitWithOptions with sig. 'mmm' on line 7265.
.................................................
.................................................
. LaTeX info: "xparse/define-command"
. 
. Defining command \ang with sig. 'o>{\SplitArgument {2}{;}}m' on line 7280.
.................................................
.................................................
. LaTeX info: "xparse/define-command"
. 
. Defining command \num with sig. 'om' on line 7289.
.................................................
.................................................
. LaTeX info: "xparse/define-command"
. 
. Defining command \numlist with sig. 'o>{\SplitList {;}}m' on line 7298.
.................................................
.................................................
. LaTeX info: "xparse/define-command"
. 
. Defining command \numrange with sig. 'omm' on line 7307.
.................................................
.................................................
. LaTeX info: "xparse/define-command"
. 
. Defining command \SIlist with sig. 'o>{\SplitList {;}}mm' on line 7319.
.................................................
.................................................
. LaTeX info: "xparse/define-command"
. 
. Defining command \SIrange with sig. 'ommm' on line 7331.
.................................................
.................................................
. LaTeX info: "xparse/define-command"
. 
. Defining command \SI with sig. 'omom' on line 7343.
.................................................
.................................................
. LaTeX info: "xparse/define-command"
. 
. Defining command \sisetup with sig. 'm' on line 7346.
.................................................
.................................................
. LaTeX info: "xparse/define-command"
. 
. Defining command \tablenum with sig. 'om' on line 7361.
.................................................
.................................................
. LaTeX info: "xparse/define-command"
. 
. Defining command \si with sig. 'om' on line 7373.
.................................................
.................................................
. LaTeX info: "xparse/define-command"
. 
. Defining command \numInBookmark with sig. 'om' on line 7420.
.................................................
.................................................
. LaTeX info: "xparse/define-command"
. 
. Defining command \numrangeInBookmark with sig. 'omm' on line 7422.
.................................................
.................................................
. LaTeX info: "xparse/define-command"
. 
. Defining command \SIInBookmark with sig. 'omom' on line 7424.
.................................................
.................................................
. LaTeX info: "xparse/define-command"
. 
. Defining command \SIlistInBookmark with sig. 'omm' on line 7426.
.................................................
.................................................
. LaTeX info: "xparse/define-command"
. 
. Defining command \SIrangeInBookmark with sig. 'ommm' on line 7428.
.................................................
.................................................
. LaTeX info: "xparse/define-command"
. 
. Defining command \siInBookmark with sig. 'om' on line 7429.
.................................................
\g__file_internal_ior=\read2

("C:\Program Files\MiKTeX 2.9\tex\latex\beamer\translator\translator.sty"
Package: translator 2010/06/12 ver 1.10

("C:\Program Files\MiKTeX 2.9\tex\latex\beamer\translator\translator-language-m
appings.tex"))) ("C:\Program Files\MiKTeX 2.9\tex\latex\multirow\multirow.sty"
Package: multirow 2016/11/25 v2.2 Span multiple rows of a table
\multirow@colwidth=\skip58
\multirow@cntb=\count312
\multirow@dima=\skip59
\bigstrutjot=\dimen269
) ("C:\Program Files\MiKTeX 2.9\tex\latex\tools\hhline.sty"
Package: hhline 2014/10/28 v2.03 Table rule package (DPC)
)
("C:\Program Files\MiKTeX 2.9\tex\latex\setspace\setspace.sty"
Package: setspace 2011/12/19 v6.7a set line spacing
)
("C:\Program Files\MiKTeX 2.9\tex\latex\float\float.sty"
Package: float 2001/11/08 v1.3d Float enhancements (AL)
\c@float@type=\count313
\float@exts=\toks35
\float@box=\box63
\@float@everytoks=\toks36
\@floatcapt=\box64
)
("C:\Program Files\MiKTeX 2.9\tex\latex\todonotes\todonotes.sty"
Package: todonotes 2015/07/09 .dtx Todonotes source and documentation.
Package: todonotes 2012/07/25

("C:\Program Files\MiKTeX 2.9\tex\generic\pgf\frontendlayer\tikz\libraries\tikz
librarypositioning.code.tex"
File: tikzlibrarypositioning.code.tex 2008/10/06 v3.0.1a (rcs-revision 1.7)
)
("C:\Program Files\MiKTeX 2.9\tex\latex\tools\calc.sty"
Package: calc 2014/10/28 v4.3 Infix arithmetic (KKT,FJ)
\calc@Acount=\count314
\calc@Bcount=\count315
\calc@Adimen=\dimen270
\calc@Bdimen=\dimen271
\calc@Askip=\skip60
\calc@Bskip=\skip61
LaTeX Info: Redefining \setlength on input line 80.
LaTeX Info: Redefining \addtolength on input line 81.
\calc@Ccount=\count316
\calc@Cskip=\skip62
)
\c@@todonotes@numberoftodonotes=\count317
)
("C:\Program Files\MiKTeX 2.9\tex\latex\hyperref\hyperref.sty"
Package: hyperref 2016/06/24 v6.83q Hypertext links for LaTeX

("C:\Program Files\MiKTeX 2.9\tex\generic\oberdiek\hobsub-hyperref.sty"
Package: hobsub-hyperref 2016/05/16 v1.14 Bundle oberdiek, subset hyperref (HO)


("C:\Program Files\MiKTeX 2.9\tex\generic\oberdiek\hobsub-generic.sty"
Package: hobsub-generic 2016/05/16 v1.14 Bundle oberdiek, subset generic (HO)
Package: hobsub 2016/05/16 v1.14 Construct package bundles (HO)
Package hobsub Info: Skipping package `infwarerr' (already loaded).
Package hobsub Info: Skipping package `ltxcmds' (already loaded).
Package hobsub Info: Skipping package `ifluatex' (already loaded).
Package hobsub Info: Skipping package `ifvtex' (already loaded).
Package: intcalc 2016/05/16 v1.2 Expandable calculations with integers (HO)
Package hobsub Info: Skipping package `ifpdf' (already loaded).
Package: etexcmds 2016/05/16 v1.6 Avoid name clashes with e-TeX commands (HO)
Package etexcmds Info: Could not find \expanded.
(etexcmds)             That can mean that you are not using pdfTeX 1.50 or
(etexcmds)             that some package has redefined \expanded.
(etexcmds)             In the latter case, load this package earlier.
Package: kvsetkeys 2016/05/16 v1.17 Key value parser (HO)
Package: kvdefinekeys 2016/05/16 v1.4 Define keys (HO)
Package: pdftexcmds 2016/05/21 v0.22 Utility functions of pdfTeX for LuaTeX (HO
)
Package pdftexcmds Info: LuaTeX not detected.
Package pdftexcmds Info: \pdf@primitive is available.
Package pdftexcmds Info: \pdf@ifprimitive is available.
Package pdftexcmds Info: \pdfdraftmode found.
Package: pdfescape 2016/05/16 v1.14 Implements pdfTeX's escape features (HO)
Package: bigintcalc 2016/05/16 v1.4 Expandable calculations on big integers (HO
)
Package: bitset 2016/05/16 v1.2 Handle bit-vector datatype (HO)
Package: uniquecounter 2016/05/16 v1.3 Provide unlimited unique counter (HO)
)
Package hobsub Info: Skipping package `hobsub' (already loaded).
Package: letltxmacro 2016/05/16 v1.5 Let assignment for LaTeX macros (HO)
Package: hopatch 2016/05/16 v1.3 Wrapper for package hooks (HO)
Package: xcolor-patch 2016/05/16 xcolor patch
Package: atveryend 2016/05/16 v1.9 Hooks at the very end of document (HO)
Package: atbegshi 2016/06/09 v1.18 At begin shipout hook (HO)
Package: refcount 2016/05/16 v3.5 Data extraction from label references (HO)
Package: hycolor 2016/05/16 v1.8 Color options for hyperref/bookmark (HO)
)
("C:\Program Files\MiKTeX 2.9\tex\latex\oberdiek\auxhook.sty"
Package: auxhook 2016/05/16 v1.4 Hooks for auxiliary files (HO)
)
("C:\Program Files\MiKTeX 2.9\tex\latex\oberdiek\kvoptions.sty"
Package: kvoptions 2016/05/16 v3.12 Key value format for package options (HO)
)
\@linkdim=\dimen272
\Hy@linkcounter=\count318
\Hy@pagecounter=\count319

("C:\Program Files\MiKTeX 2.9\tex\latex\hyperref\pd1enc.def"
File: pd1enc.def 2016/06/24 v6.83q Hyperref: PDFDocEncoding definition (HO)
)
\Hy@SavedSpaceFactor=\count320

("C:\Program Files\MiKTeX 2.9\tex\latex\00miktex\hyperref.cfg"
File: hyperref.cfg 2002/06/06 v1.2 hyperref configuration of TeXLive
)
Package hyperref Info: Option `colorlinks' set `true' on input line 4362.
Package hyperref Info: Hyper figures OFF on input line 4486.
Package hyperref Info: Link nesting OFF on input line 4491.
Package hyperref Info: Hyper index ON on input line 4494.
Package hyperref Info: Plain pages OFF on input line 4501.
Package hyperref Info: Backreferencing OFF on input line 4506.
Package hyperref Info: Implicit mode ON; LaTeX internals redefined.
Package hyperref Info: Bookmarks ON on input line 4735.
\c@Hy@tempcnt=\count321

("C:\Program Files\MiKTeX 2.9\tex\latex\url\url.sty"
\Urlmuskip=\muskip17
Package: url 2013/09/16  ver 3.4  Verb mode for urls, etc.
)
LaTeX Info: Redefining \url on input line 5088.
\XeTeXLinkMargin=\dimen273
\Fld@menulength=\count322
\Field@Width=\dimen274
\Fld@charsize=\dimen275
Package hyperref Info: Hyper figures OFF on input line 6342.
Package hyperref Info: Link nesting OFF on input line 6347.
Package hyperref Info: Hyper index ON on input line 6350.
Package hyperref Info: backreferencing OFF on input line 6357.
Package hyperref Info: Link coloring ON on input line 6360.
Package hyperref Info: Link coloring with OCG OFF on input line 6367.
Package hyperref Info: PDF/A mode OFF on input line 6372.
LaTeX Info: Redefining \ref on input line 6412.
LaTeX Info: Redefining \pageref on input line 6416.
\Hy@abspage=\count323
\c@Item=\count324
\c@Hfootnote=\count325
)

Package hyperref Message: Driver (autodetected): hpdftex.

("C:\Program Files\MiKTeX 2.9\tex\latex\hyperref\hpdftex.def"
File: hpdftex.def 2016/06/24 v6.83q Hyperref driver for pdfTeX
\Fld@listcount=\count326
\c@bookmark@seq@number=\count327

("C:\Program Files\MiKTeX 2.9\tex\latex\oberdiek\rerunfilecheck.sty"
Package: rerunfilecheck 2016/05/16 v1.8 Rerun checks for auxiliary files (HO)
Package uniquecounter Info: New unique counter `rerunfilecheck' on input line 2
82.
)
\Hy@SectionHShift=\skip63
)
("C:\Program Files\MiKTeX 2.9\tex\latex\enumitem\enumitem.sty"
Package: enumitem 2011/09/28 v3.5.2 Customized lists
\enitkv@toks@=\toks37
\labelindent=\skip64
\enit@outerparindent=\dimen276
\enit@toks=\toks38
\enit@inbox=\box65
\enitdp@description=\count328
)
("C:\Program Files\MiKTeX 2.9\tex\latex\was\gensymb.sty"
Package: gensymb 2003/07/02 v1.0 (WaS)
)
("C:\Program Files\MiKTeX 2.9\tex\latex\tablefootnote\tablefootnote.sty"
Package: tablefootnote 2014/01/26 v1.1c Table foot notes (HMM)

("C:\Program Files\MiKTeX 2.9\tex\latex\xifthen\xifthen.sty"
Package: xifthen 2015/11/05 v1.4.0 Extended ifthen features

("C:\Program Files\MiKTeX 2.9\tex\latex\ifmtarg\ifmtarg.sty"
Package: ifmtarg 2009/09/02 v1.2a check for an empty argument
))
("C:\Program Files\MiKTeX 2.9\tex\latex\etoolbox\etoolbox.sty"
Package: etoolbox 2017/01/02 v2.4 e-TeX tools for LaTeX (JAW)
\etb@tempcnta=\count329
))
("C:\Program Files\MiKTeX 2.9\tex\latex\was\icomma.sty"
Package: icomma 2002/03/10 v2.0 (WaS)
)
("C:\Program Files\MiKTeX 2.9\tex\latex\doublestroke\dsfont.sty"
Package: dsfont 1995/08/01 v0.1 Double stroke roman fonts
)
("C:\Program Files\MiKTeX 2.9\tex\latex\was\upgreek.sty"
Package: upgreek 2003/02/12 v2.0 (WaS)
Package upgreek Info: Using Euler Roman for upright Greek on input line 31.
\symugrf@m=\mathgroup6
LaTeX Font Info:    Overwriting symbol font `ugrf@m' in version `bold'
(Font)                  U/eur/m/n --> U/eur/b/n on input line 38.
)
("C:\Program Files\MiKTeX 2.9\tex\generic\pgf\libraries\pgflibraryarrows.meta.c
ode.tex"
File: pgflibraryarrows.meta.code.tex 2015/05/13 v3.0.1a (rcs-revision 1.13)
\pgfarrowinset=\dimen277
\pgfarrowlength=\dimen278
\pgfarrowwidth=\dimen279
\pgfarrowlinewidth=\dimen280
) ("C:\Program Files\MiKTeX 2.9\tex\latex\cancel\cancel.sty"
Package: cancel 2013/04/12 v2.2 Cancel math terms
)
("C:\Program Files\MiKTeX 2.9\tex\latex\bezos\accents.sty"
Package: accents 2006/05/12 v1.4 Math Accent Tools
\cc@skew=\dimen281
\cc@wd=\dimen282
\cc@code=\count330
\cc@group=\count331
\cc@skewchar=\count332
)
("C:\Program Files\MiKTeX 2.9\tex\latex\pdfpages\pdfpages.sty"
Package: pdfpages 2017/10/31 v0.5l Insert pages of external PDF documents (AM)

("C:\Program Files\MiKTeX 2.9\tex\latex\eso-pic\eso-pic.sty"
Package: eso-pic 2018/04/12 v2.0h eso-pic (RN)
)
\AM@pagewidth=\dimen283
\AM@pageheight=\dimen284

("C:\Program Files\MiKTeX 2.9\tex\latex\pdfpages\pppdftex.def"
File: pppdftex.def 2017/10/31 v0.5l Pdfpages driver for pdfTeX (AM)
)
\AM@pagebox=\box66
\AM@global@opts=\toks39
\AM@toc@title=\toks40
\c@AM@survey=\count333
\AM@templatesizebox=\box67
)
("C:\Program Files\MiKTeX 2.9\tex\latex\svg\svg.sty"
Package: svg 2018/11/12 v2.02b (include SVG pictures)

("C:\Program Files\MiKTeX 2.9\tex\latex\koma-script\scrbase.sty"
Package: scrbase 2019/02/01 v3.26b KOMA-Script package (KOMA-Script-independent
 basics and keyval usage)

("C:\Program Files\MiKTeX 2.9\tex\latex\koma-script\scrlfile.sty"
Package: scrlfile 2019/02/01 v3.26b KOMA-Script package (loading files)
))
("C:\Program Files\MiKTeX 2.9\tex\latex\trimspaces\trimspaces.sty"
Package: trimspaces 2009/09/17 v1.1 Trim spaces around a token list
)
\svg@box=\box68
\c@svg@param@lastpage=\count334
\c@svg@param@currpage=\count335
)
("C:\Program Files\MiKTeX 2.9\tex\latex\oberdiek\transparent.sty"
Package: transparent 2016/05/16 v1.1 Transparency via pdfTeX's color stack (HO)

)
(hvarfkvoti.aux)
\openout1 = `hvarfkvoti.aux'.

LaTeX Font Info:    Checking defaults for OML/cmm/m/it on input line 37.
LaTeX Font Info:    ... okay on input line 37.
LaTeX Font Info:    Checking defaults for T1/cmr/m/n on input line 37.
LaTeX Font Info:    ... okay on input line 37.
LaTeX Font Info:    Checking defaults for OT1/cmr/m/n on input line 37.
LaTeX Font Info:    ... okay on input line 37.
LaTeX Font Info:    Checking defaults for OMS/cmsy/m/n on input line 37.
LaTeX Font Info:    ... okay on input line 37.
LaTeX Font Info:    Checking defaults for OMX/cmex/m/n on input line 37.
LaTeX Font Info:    ... okay on input line 37.
LaTeX Font Info:    Checking defaults for U/cmr/m/n on input line 37.
LaTeX Font Info:    ... okay on input line 37.
LaTeX Font Info:    Checking defaults for PD1/pdf/m/n on input line 37.
LaTeX Font Info:    ... okay on input line 37.
 ABD: EveryShipout initializing macros
("C:\Program Files\MiKTeX 2.9\tex\context\base\supp-pdf.mkii"
[Loading MPS to PDF converter (version 2006.09.02).]
\scratchcounter=\count336
\scratchdimen=\dimen285
\scratchbox=\box69
\nofMPsegments=\count337
\nofMParguments=\count338
\everyMPshowfont=\toks41
\MPscratchCnt=\count339
\MPscratchDim=\dimen286
\MPnumerator=\count340
\makeMPintoPDFobject=\count341
\everyMPtoPDFconversion=\toks42
) ("C:\Program Files\MiKTeX 2.9\tex\latex\oberdiek\epstopdf-base.sty"
Package: epstopdf-base 2016/05/15 v2.6 Base part for package epstopdf

("C:\Program Files\MiKTeX 2.9\tex\latex\oberdiek\grfext.sty"
Package: grfext 2016/05/16 v1.2 Manage graphics extensions (HO)
)
Package epstopdf-base Info: Redefining graphics rule for `.eps' on input line 4
38.
Package grfext Info: Graphics extension search list:
(grfext)             [.png,.pdf,.jpg,.mps,.jpeg,.jbig2,.jb2,.PNG,.PDF,.JPG,.JPE
G,.JBIG2,.JB2,.eps]
(grfext)             \AppendGraphicsExtensions on input line 456.
)
*geometry* driver: auto-detecting
*geometry* detected driver: pdftex
*geometry* verbose mode - [ preamble ] result:
* driver: pdftex
* paper: a4paper
* layout: <same size as paper>
* layoutoffset:(h,v)=(0.0pt,0.0pt)
* modes: 
* h-part:(L,W,R)=(73.97733pt, 438.17229pt, 85.35826pt)
* v-part:(T,H,B)=(73.97733pt, 714.16402pt, 56.9055pt)
* \paperwidth=597.50787pt
* \paperheight=845.04684pt
* \textwidth=438.17229pt
* \textheight=714.16402pt
* \oddsidemargin=1.70734pt
* \evensidemargin=1.70734pt
* \topmargin=1.70734pt
* \headheight=0.0pt
* \headsep=0.0pt
* \topskip=0.0pt
* \footskip=0.0pt
* \marginparwidth=49.79231pt
* \marginparsep=0.0pt
* \columnsep=10.0pt
* \skip\footins=9.0pt plus 4.0pt minus 2.0pt
* \hoffset=-72.27pt
* \voffset=-72.27pt
* \mag=1000
* \@twocolumnfalse
* \@twosidefalse
* \@mparswitchfalse
* \@reversemarginfalse
* (1in=72.27pt=25.4mm, 1cm=28.453pt)


("C:\Program Files\MiKTeX 2.9\tex\latex\beamer\translator\dicts\translator-basi
c-dictionary\translator-basic-dictionary-English.dict"
Dictionary: translator-basic-dictionary, Language: English 
)
("C:\Program Files\MiKTeX 2.9\tex\latex\siunitx\siunitx-abbreviations.cfg"
File: siunitx-abbreviations.cfg 2017/08/02 v2.7j siunitx: Abbreviated units
)
\AtBeginShipoutBox=\box70
Package hyperref Info: Link coloring ON on input line 37.

("C:\Program Files\MiKTeX 2.9\tex\latex\hyperref\nameref.sty"
Package: nameref 2016/05/21 v2.44 Cross-referencing by name of section

("C:\Program Files\MiKTeX 2.9\tex\generic\oberdiek\gettitlestring.sty"
Package: gettitlestring 2016/05/16 v1.5 Cleanup title references (HO)
)
\c@section@level=\count342
)
LaTeX Info: Redefining \ref on input line 37.
LaTeX Info: Redefining \pageref on input line 37.
LaTeX Info: Redefining \nameref on input line 37.

(hvarfkvoti.out) (hvarfkvoti.out)
\@outlinefile=\write4
\openout4 = `hvarfkvoti.out'.

LaTeX Info: Redefining \celsius on input line 37.
Package gensymb Info: Faking symbols for \degree and \celsius on input line 37.



Package gensymb Warning: Not defining \perthousand.

LaTeX Info: Redefining \ohm on input line 37.
Package gensymb Info: Using \Omega for \ohm on input line 37.

Package gensymb Warning: Not defining \micro.

("C:\Program Files\MiKTeX 2.9\tex\latex\oberdiek\pdflscape.sty"
Package: pdflscape 2016/05/14 v0.11 Display of landscape pages in PDF (HO)

("C:\Program Files\MiKTeX 2.9\tex\latex\graphics\lscape.sty"
Package: lscape 2000/10/22 v3.01 Landscape Pages (DPC)
)
Package pdflscape Info: Auto-detected driver: pdftex on input line 81.
)
\c__siunitx_mathsf_int=\count343
LaTeX Font Info:    Try loading font information for U+msa on input line 37.

("C:\Program Files\MiKTeX 2.9\tex\latex\amsfonts\umsa.fd"
File: umsa.fd 2013/01/14 v3.01 AMS symbols A
)
LaTeX Font Info:    Try loading font information for U+msb on input line 37.

("C:\Program Files\MiKTeX 2.9\tex\latex\amsfonts\umsb.fd"
File: umsb.fd 2013/01/14 v3.01 AMS symbols B
)
\c__siunitx_mathtt_int=\count344
 [1

{C:/ProgramData/MiKTeX/2.9/pdftex/config/pdftex.map}]
Package atveryend Info: Empty hook `BeforeClearDocument' on input line 51.
Package atveryend Info: Empty hook `AfterLastShipout' on input line 51.
 (hvarfkvoti.aux)
Package atveryend Info: Executing hook `AtVeryEndDocument' on input line 51.
Package atveryend Info: Executing hook `AtEndAfterFileList' on input line 51.
Package rerunfilecheck Info: File `hvarfkvoti.out' has not changed.
(rerunfilecheck)             Checksum: D41D8CD98F00B204E9800998ECF8427E;0.
 ) 
Here is how much of TeX's memory you used:
 30817 strings out of 493333
 613252 string characters out of 3139197
 691799 words of memory out of 3000000
 33889 multiletter control sequences out of 15000+200000
 534229 words of font info for 39 fonts, out of 3000000 for 9000
 1141 hyphenation exceptions out of 8191
 62i,7n,65p,10363b,731s stack positions out of 5000i,500n,10000p,200000b,50000s
<C:/Program Files/MiKTeX 2.9/fonts/type1/public/amsfonts/cm/cmmi10.pfb><C:/Pr
ogram Files/MiKTeX 2.9/fonts/type1/public/amsfonts/cm/cmr10.pfb>
Output written on hvarfkvoti.pdf (1 page, 17546 bytes).
PDF statistics:
 22 PDF objects out of 1000 (max. 8388607)
 2 named destinations out of 1000 (max. 500000)
 13 words of extra memory for PDF output out of 10000 (max. 10000000)

